2023-09-29 10:40:18,358 [Worker-7: Loading available Gradle versions] INFO  o.e.b.c.i.u.g.PublishedGradleVersions - Gradle version information cache is up-to-date. Trying to read.
2023-09-29 11:44:02,569 [Worker-29: Creating maven-archetype-quickstart] INFO  o.e.m.c.i.p.ProjectConfigurationManager - Collecting project info '/pom.xml' /Users/Shalini/Desktop/SchlumbergerSpringWS/PaymentProject/pom.xml
2023-09-29 11:44:03,707 [Worker-29: Creating maven-archetype-quickstart] INFO  o.e.m.c.i.l.LifecycleMappingFactory - Using org.eclipse.m2e.jdt.JarLifecycleMapping lifecycle mapping for MavenProject: com.payment:PaymentProject:0.0.1-SNAPSHOT @ /Users/Shalini/Desktop/SchlumbergerSpringWS/PaymentProject/pom.xml.
2023-09-29 11:44:04,778 [Worker-29: Creating maven-archetype-quickstart] INFO  o.e.m.j.i.AbstractJavaProjectConfigurator - Adding source folder /PaymentProject/src/main/java
2023-09-29 11:44:04,779 [Worker-29: Creating maven-archetype-quickstart] INFO  o.e.m.j.i.AbstractJavaProjectConfigurator - Adding source folder /PaymentProject/src/test/java
2023-09-29 11:44:04,880 [Worker-29: Creating maven-archetype-quickstart] INFO  o.e.m.c.i.p.ProjectConfigurationManager - Imported and configured 1 project(s) in 2 sec
2023-09-29 11:44:08,546 [Worker-29: Building] INFO  o.e.m.c.i.embedder.EclipseLogger - Using 'UTF-8' encoding to copy filtered resources.
2023-09-29 11:44:08,548 [Worker-29: Building] INFO  o.e.m.c.i.embedder.EclipseLogger - skip non existing resourceDirectory /Users/Shalini/Desktop/SchlumbergerSpringWS/PaymentProject/src/main/resources
2023-09-29 11:44:08,550 [Worker-29: Building] INFO  o.e.m.c.i.embedder.EclipseLogger - Using 'UTF-8' encoding to copy filtered resources.
2023-09-29 11:44:08,550 [Worker-29: Building] INFO  o.e.m.c.i.embedder.EclipseLogger - skip non existing resourceDirectory /Users/Shalini/Desktop/SchlumbergerSpringWS/PaymentProject/src/test/resources
2023-09-29 11:44:41,174 [Worker-43: Building] INFO  o.e.m.c.i.embedder.EclipseLogger - Using 'UTF-8' encoding to copy filtered resources.
2023-09-29 11:44:41,176 [Worker-43: Building] INFO  o.e.m.c.i.embedder.EclipseLogger - skip non existing resourceDirectory /Users/Shalini/Desktop/SchlumbergerSpringWS/PaymentProject/src/main/resources
2023-09-29 11:44:41,178 [Worker-43: Building] INFO  o.e.m.c.i.embedder.EclipseLogger - Using 'UTF-8' encoding to copy filtered resources.
2023-09-29 11:44:41,178 [Worker-43: Building] INFO  o.e.m.c.i.embedder.EclipseLogger - skip non existing resourceDirectory /Users/Shalini/Desktop/SchlumbergerSpringWS/PaymentProject/src/test/resources
2023-09-29 11:44:44,552 [Worker-29: Building] INFO  o.e.m.c.i.embedder.EclipseLogger - Using 'UTF-8' encoding to copy filtered resources.
2023-09-29 11:44:44,553 [Worker-29: Building] INFO  o.e.m.c.i.embedder.EclipseLogger - skip non existing resourceDirectory /Users/Shalini/Desktop/SchlumbergerSpringWS/PaymentProject/src/main/resources
2023-09-29 11:44:44,555 [Worker-29: Building] INFO  o.e.m.c.i.embedder.EclipseLogger - Using 'UTF-8' encoding to copy filtered resources.
2023-09-29 11:44:44,556 [Worker-29: Building] INFO  o.e.m.c.i.embedder.EclipseLogger - skip non existing resourceDirectory /Users/Shalini/Desktop/SchlumbergerSpringWS/PaymentProject/src/test/resources
2023-09-29 11:44:49,617 [Worker-43: Building] INFO  o.e.m.c.i.embedder.EclipseLogger - Using 'UTF-8' encoding to copy filtered resources.
2023-09-29 11:44:49,617 [Worker-43: Building] INFO  o.e.m.c.i.embedder.EclipseLogger - skip non existing resourceDirectory /Users/Shalini/Desktop/SchlumbergerSpringWS/PaymentProject/src/main/resources
2023-09-29 11:44:49,619 [Worker-43: Building] INFO  o.e.m.c.i.embedder.EclipseLogger - Using 'UTF-8' encoding to copy filtered resources.
2023-09-29 11:44:49,619 [Worker-43: Building] INFO  o.e.m.c.i.embedder.EclipseLogger - skip non existing resourceDirectory /Users/Shalini/Desktop/SchlumbergerSpringWS/PaymentProject/src/test/resources
2023-09-29 11:55:55,584 [Worker-44: Creating maven-archetype-quickstart] INFO  o.e.m.c.i.p.ProjectConfigurationManager - Collecting project info '/pom.xml' /Users/Shalini/Desktop/SchlumbergerSpringWS/SpringDemo/pom.xml
2023-09-29 11:55:55,762 [Worker-44: Creating maven-archetype-quickstart] INFO  o.e.m.c.i.l.LifecycleMappingFactory - Using org.eclipse.m2e.jdt.JarLifecycleMapping lifecycle mapping for MavenProject: com.spring:SpringDemo:0.0.1-SNAPSHOT @ /Users/Shalini/Desktop/SchlumbergerSpringWS/SpringDemo/pom.xml.
2023-09-29 11:55:55,827 [Worker-44: Creating maven-archetype-quickstart] INFO  o.e.m.j.i.AbstractJavaProjectConfigurator - Adding source folder /SpringDemo/src/main/java
2023-09-29 11:55:55,831 [Worker-44: Creating maven-archetype-quickstart] INFO  o.e.m.j.i.AbstractJavaProjectConfigurator - Adding source folder /SpringDemo/src/test/java
2023-09-29 11:55:55,869 [Worker-44: Creating maven-archetype-quickstart] INFO  o.e.m.c.i.p.ProjectConfigurationManager - Imported and configured 1 project(s) in 0 sec
2023-09-29 11:55:56,865 [Worker-33: Building] INFO  o.e.m.c.i.embedder.EclipseLogger - Using 'UTF-8' encoding to copy filtered resources.
2023-09-29 11:55:56,866 [Worker-33: Building] INFO  o.e.m.c.i.embedder.EclipseLogger - skip non existing resourceDirectory /Users/Shalini/Desktop/SchlumbergerSpringWS/SpringDemo/src/main/resources
2023-09-29 11:55:56,867 [Worker-33: Building] INFO  o.e.m.c.i.embedder.EclipseLogger - Using 'UTF-8' encoding to copy filtered resources.
2023-09-29 11:55:56,867 [Worker-33: Building] INFO  o.e.m.c.i.embedder.EclipseLogger - skip non existing resourceDirectory /Users/Shalini/Desktop/SchlumbergerSpringWS/SpringDemo/src/test/resources
2023-09-29 12:05:13,184 [Worker-47: Building] INFO  o.e.m.c.i.l.LifecycleMappingFactory - Using org.eclipse.m2e.jdt.JarLifecycleMapping lifecycle mapping for MavenProject: com.spring:SpringDemo:0.0.1-SNAPSHOT @ /Users/Shalini/Desktop/SchlumbergerSpringWS/SpringDemo/pom.xml.
2023-09-29 12:05:13,257 [Worker-47: Building] INFO  o.e.m.c.i.embedder.EclipseLogger - Using 'UTF-8' encoding to copy filtered resources.
2023-09-29 12:05:13,257 [Worker-47: Building] INFO  o.e.m.c.i.embedder.EclipseLogger - skip non existing resourceDirectory /Users/Shalini/Desktop/SchlumbergerSpringWS/SpringDemo/src/main/resources
2023-09-29 12:05:13,258 [Worker-47: Building] INFO  o.e.m.c.i.embedder.EclipseLogger - Using 'UTF-8' encoding to copy filtered resources.
2023-09-29 12:05:13,258 [Worker-47: Building] INFO  o.e.m.c.i.embedder.EclipseLogger - skip non existing resourceDirectory /Users/Shalini/Desktop/SchlumbergerSpringWS/SpringDemo/src/test/resources
2023-09-29 12:09:09,786 [Worker-49: reload maven project] INFO  o.e.m.c.i.e.AbstractTransferListenerAdapter - Downloading https://repo.maven.apache.org/maven2/org/springframework/spring-context/5.3.30/spring-context-5.3.30.pom
2023-09-29 12:09:09,885 [Worker-49: reload maven project] INFO  o.e.m.c.i.e.AbstractTransferListenerAdapter - Downloaded https://repo.maven.apache.org/maven2/org/springframework/spring-context/5.3.30/spring-context-5.3.30.pom
2023-09-29 12:09:09,903 [Worker-50: Building] INFO  o.e.m.c.i.l.LifecycleMappingFactory - Using org.eclipse.m2e.jdt.JarLifecycleMapping lifecycle mapping for MavenProject: com.spring:SpringDemo:0.0.1-SNAPSHOT @ /Users/Shalini/Desktop/SchlumbergerSpringWS/SpringDemo/pom.xml.
2023-09-29 12:09:09,949 [Worker-49: reload maven project] INFO  o.e.m.c.i.e.AbstractTransferListenerAdapter - Downloading https://repo.maven.apache.org/maven2/org/springframework/spring-aop/5.3.30/spring-aop-5.3.30.pom
2023-09-29 12:09:10,005 [Worker-49: reload maven project] INFO  o.e.m.c.i.e.AbstractTransferListenerAdapter - Downloaded https://repo.maven.apache.org/maven2/org/springframework/spring-aop/5.3.30/spring-aop-5.3.30.pom
2023-09-29 12:09:10,059 [Worker-49: reload maven project] INFO  o.e.m.c.i.e.AbstractTransferListenerAdapter - Downloading https://repo.maven.apache.org/maven2/org/springframework/spring-beans/5.3.30/spring-beans-5.3.30.pom
2023-09-29 12:09:10,111 [Worker-49: reload maven project] INFO  o.e.m.c.i.e.AbstractTransferListenerAdapter - Downloaded https://repo.maven.apache.org/maven2/org/springframework/spring-beans/5.3.30/spring-beans-5.3.30.pom
2023-09-29 12:09:10,141 [Worker-50: Building] INFO  o.e.m.c.i.e.AbstractTransferListenerAdapter - Downloading https://repo.maven.apache.org/maven2/org/springframework/spring-aop/5.3.30/spring-aop-5.3.30.pom
2023-09-29 12:09:10,168 [Worker-49: reload maven project] INFO  o.e.m.c.i.e.AbstractTransferListenerAdapter - Downloading https://repo.maven.apache.org/maven2/org/springframework/spring-core/5.3.30/spring-core-5.3.30.pom
2023-09-29 12:09:10,219 [Worker-49: reload maven project] INFO  o.e.m.c.i.e.AbstractTransferListenerAdapter - Downloaded https://repo.maven.apache.org/maven2/org/springframework/spring-core/5.3.30/spring-core-5.3.30.pom
2023-09-29 12:09:10,245 [Worker-50: Building] INFO  o.e.m.c.i.e.AbstractTransferListenerAdapter - Downloaded https://repo.maven.apache.org/maven2/org/springframework/spring-aop/5.3.30/spring-aop-5.3.30.pom
2023-09-29 12:09:10,271 [Worker-49: reload maven project] INFO  o.e.m.c.i.e.AbstractTransferListenerAdapter - Downloading https://repo.maven.apache.org/maven2/org/springframework/spring-jcl/5.3.30/spring-jcl-5.3.30.pom
2023-09-29 12:09:10,301 [Worker-50: Building] INFO  o.e.m.c.i.e.AbstractTransferListenerAdapter - Downloading https://repo.maven.apache.org/maven2/org/springframework/spring-jcl/5.3.30/spring-jcl-5.3.30.pom
2023-09-29 12:09:10,324 [Worker-49: reload maven project] INFO  o.e.m.c.i.e.AbstractTransferListenerAdapter - Downloaded https://repo.maven.apache.org/maven2/org/springframework/spring-jcl/5.3.30/spring-jcl-5.3.30.pom
2023-09-29 12:09:10,358 [Worker-50: Building] INFO  o.e.m.c.i.e.AbstractTransferListenerAdapter - Downloaded https://repo.maven.apache.org/maven2/org/springframework/spring-jcl/5.3.30/spring-jcl-5.3.30.pom
2023-09-29 12:09:10,396 [Worker-49: reload maven project] INFO  o.e.m.c.i.e.AbstractTransferListenerAdapter - Downloading https://repo.maven.apache.org/maven2/org/springframework/spring-expression/5.3.30/spring-expression-5.3.30.pom
2023-09-29 12:09:10,416 [Worker-50: Building] INFO  o.e.m.c.i.e.AbstractTransferListenerAdapter - Downloading https://repo.maven.apache.org/maven2/org/springframework/spring-expression/5.3.30/spring-expression-5.3.30.pom
2023-09-29 12:09:10,453 [Worker-49: reload maven project] INFO  o.e.m.c.i.e.AbstractTransferListenerAdapter - Downloaded https://repo.maven.apache.org/maven2/org/springframework/spring-expression/5.3.30/spring-expression-5.3.30.pom
2023-09-29 12:09:10,470 [Worker-50: Building] INFO  o.e.m.c.i.e.AbstractTransferListenerAdapter - Downloaded https://repo.maven.apache.org/maven2/org/springframework/spring-expression/5.3.30/spring-expression-5.3.30.pom
2023-09-29 12:09:10,532 [AetherRepositoryConnector-repo.maven.apache.org-0-1] INFO  o.e.m.c.i.e.AbstractTransferListenerAdapter - Downloading https://repo.maven.apache.org/maven2/org/springframework/spring-aop/5.3.30/spring-aop-5.3.30.jar
2023-09-29 12:09:10,548 [AetherRepositoryConnector-repo.maven.apache.org-1-0] INFO  o.e.m.c.i.e.AbstractTransferListenerAdapter - Downloading https://repo.maven.apache.org/maven2/org/springframework/spring-context/5.3.30/spring-context-5.3.30.jar
2023-09-29 12:09:10,579 [AetherRepositoryConnector-repo.maven.apache.org-0-3] INFO  o.e.m.c.i.e.AbstractTransferListenerAdapter - Downloading https://repo.maven.apache.org/maven2/org/springframework/spring-core/5.3.30/spring-core-5.3.30.jar
2023-09-29 12:09:10,579 [AetherRepositoryConnector-repo.maven.apache.org-0-4] INFO  o.e.m.c.i.e.AbstractTransferListenerAdapter - Downloading https://repo.maven.apache.org/maven2/org/springframework/spring-jcl/5.3.30/spring-jcl-5.3.30.jar
2023-09-29 12:09:10,579 [AetherRepositoryConnector-repo.maven.apache.org-0-0] INFO  o.e.m.c.i.e.AbstractTransferListenerAdapter - Downloading https://repo.maven.apache.org/maven2/org/springframework/spring-context/5.3.30/spring-context-5.3.30.jar
2023-09-29 12:09:10,579 [AetherRepositoryConnector-repo.maven.apache.org-0-2] INFO  o.e.m.c.i.e.AbstractTransferListenerAdapter - Downloading https://repo.maven.apache.org/maven2/org/springframework/spring-beans/5.3.30/spring-beans-5.3.30.jar
2023-09-29 12:09:10,626 [AetherRepositoryConnector-repo.maven.apache.org-1-4] INFO  o.e.m.c.i.e.AbstractTransferListenerAdapter - Downloading https://repo.maven.apache.org/maven2/org/springframework/spring-jcl/5.3.30/spring-jcl-5.3.30.jar
2023-09-29 12:09:10,627 [AetherRepositoryConnector-repo.maven.apache.org-1-2] INFO  o.e.m.c.i.e.AbstractTransferListenerAdapter - Downloading https://repo.maven.apache.org/maven2/org/springframework/spring-beans/5.3.30/spring-beans-5.3.30.jar
2023-09-29 12:09:10,627 [AetherRepositoryConnector-repo.maven.apache.org-1-1] INFO  o.e.m.c.i.e.AbstractTransferListenerAdapter - Downloading https://repo.maven.apache.org/maven2/org/springframework/spring-aop/5.3.30/spring-aop-5.3.30.jar
2023-09-29 12:09:10,687 [AetherRepositoryConnector-repo.maven.apache.org-1-3] INFO  o.e.m.c.i.e.AbstractTransferListenerAdapter - Downloading https://repo.maven.apache.org/maven2/org/springframework/spring-core/5.3.30/spring-core-5.3.30.jar
2023-09-29 12:09:10,767 [AetherRepositoryConnector-repo.maven.apache.org-0-4] INFO  o.e.m.c.i.e.AbstractTransferListenerAdapter - Downloaded https://repo.maven.apache.org/maven2/org/springframework/spring-jcl/5.3.30/spring-jcl-5.3.30.jar
2023-09-29 12:09:10,783 [AetherRepositoryConnector-repo.maven.apache.org-1-4] INFO  o.e.m.c.i.e.AbstractTransferListenerAdapter - Downloaded https://repo.maven.apache.org/maven2/org/springframework/spring-jcl/5.3.30/spring-jcl-5.3.30.jar
2023-09-29 12:09:11,100 [AetherRepositoryConnector-repo.maven.apache.org-0-4] INFO  o.e.m.c.i.e.AbstractTransferListenerAdapter - Downloading https://repo.maven.apache.org/maven2/org/springframework/spring-expression/5.3.30/spring-expression-5.3.30.jar
2023-09-29 12:09:11,117 [AetherRepositoryConnector-repo.maven.apache.org-1-4] INFO  o.e.m.c.i.e.AbstractTransferListenerAdapter - Downloading https://repo.maven.apache.org/maven2/org/springframework/spring-expression/5.3.30/spring-expression-5.3.30.jar
2023-09-29 12:09:11,177 [AetherRepositoryConnector-repo.maven.apache.org-0-1] INFO  o.e.m.c.i.e.AbstractTransferListenerAdapter - Downloaded https://repo.maven.apache.org/maven2/org/springframework/spring-aop/5.3.30/spring-aop-5.3.30.jar
2023-09-29 12:09:11,177 [AetherRepositoryConnector-repo.maven.apache.org-0-2] INFO  o.e.m.c.i.e.AbstractTransferListenerAdapter - Downloaded https://repo.maven.apache.org/maven2/org/springframework/spring-beans/5.3.30/spring-beans-5.3.30.jar
2023-09-29 12:09:11,208 [AetherRepositoryConnector-repo.maven.apache.org-1-2] INFO  o.e.m.c.i.e.AbstractTransferListenerAdapter - Downloaded https://repo.maven.apache.org/maven2/org/springframework/spring-beans/5.3.30/spring-beans-5.3.30.jar
2023-09-29 12:09:11,208 [AetherRepositoryConnector-repo.maven.apache.org-1-1] INFO  o.e.m.c.i.e.AbstractTransferListenerAdapter - Downloaded https://repo.maven.apache.org/maven2/org/springframework/spring-aop/5.3.30/spring-aop-5.3.30.jar
2023-09-29 12:09:11,209 [AetherRepositoryConnector-repo.maven.apache.org-1-4] INFO  o.e.m.c.i.e.AbstractTransferListenerAdapter - Downloaded https://repo.maven.apache.org/maven2/org/springframework/spring-expression/5.3.30/spring-expression-5.3.30.jar
2023-09-29 12:09:11,231 [AetherRepositoryConnector-repo.maven.apache.org-0-4] INFO  o.e.m.c.i.e.AbstractTransferListenerAdapter - Downloaded https://repo.maven.apache.org/maven2/org/springframework/spring-expression/5.3.30/spring-expression-5.3.30.jar
2023-09-29 12:09:11,247 [AetherRepositoryConnector-repo.maven.apache.org-1-0] INFO  o.e.m.c.i.e.AbstractTransferListenerAdapter - Downloaded https://repo.maven.apache.org/maven2/org/springframework/spring-context/5.3.30/spring-context-5.3.30.jar
2023-09-29 12:09:11,280 [AetherRepositoryConnector-repo.maven.apache.org-0-3] INFO  o.e.m.c.i.e.AbstractTransferListenerAdapter - Downloaded https://repo.maven.apache.org/maven2/org/springframework/spring-core/5.3.30/spring-core-5.3.30.jar
2023-09-29 12:09:11,280 [AetherRepositoryConnector-repo.maven.apache.org-0-0] INFO  o.e.m.c.i.e.AbstractTransferListenerAdapter - Downloaded https://repo.maven.apache.org/maven2/org/springframework/spring-context/5.3.30/spring-context-5.3.30.jar
2023-09-29 12:09:11,294 [AetherRepositoryConnector-repo.maven.apache.org-1-3] INFO  o.e.m.c.i.e.AbstractTransferListenerAdapter - Downloaded https://repo.maven.apache.org/maven2/org/springframework/spring-core/5.3.30/spring-core-5.3.30.jar
2023-09-29 12:09:11,348 [Worker-50: Building] INFO  o.e.m.c.i.embedder.EclipseLogger - Using 'UTF-8' encoding to copy filtered resources.
2023-09-29 12:09:11,348 [Worker-50: Building] INFO  o.e.m.c.i.embedder.EclipseLogger - skip non existing resourceDirectory /Users/Shalini/Desktop/SchlumbergerSpringWS/SpringDemo/src/main/resources
2023-09-29 12:09:11,358 [Worker-50: Building] INFO  o.e.m.c.i.embedder.EclipseLogger - Using 'UTF-8' encoding to copy filtered resources.
2023-09-29 12:09:11,360 [Worker-50: Building] INFO  o.e.m.c.i.embedder.EclipseLogger - skip non existing resourceDirectory /Users/Shalini/Desktop/SchlumbergerSpringWS/SpringDemo/src/test/resources
2023-09-29 12:09:12,597 [Worker-48: Download sources and javadoc] INFO  o.e.m.c.i.e.AbstractTransferListenerAdapter - Downloading https://repo.maven.apache.org/maven2/org/springframework/spring-context/5.3.30/spring-context-5.3.30-sources.jar
2023-09-29 12:09:12,680 [Worker-49: Building] INFO  o.e.m.c.i.embedder.EclipseLogger - Using 'UTF-8' encoding to copy filtered resources.
2023-09-29 12:09:12,680 [Worker-49: Building] INFO  o.e.m.c.i.embedder.EclipseLogger - skip non existing resourceDirectory /Users/Shalini/Desktop/SchlumbergerSpringWS/SpringDemo/src/main/resources
2023-09-29 12:09:12,683 [Worker-49: Building] INFO  o.e.m.c.i.embedder.EclipseLogger - Using 'UTF-8' encoding to copy filtered resources.
2023-09-29 12:09:12,683 [Worker-49: Building] INFO  o.e.m.c.i.embedder.EclipseLogger - skip non existing resourceDirectory /Users/Shalini/Desktop/SchlumbergerSpringWS/SpringDemo/src/test/resources
2023-09-29 12:09:13,034 [Worker-48: Download sources and javadoc] INFO  o.e.m.c.i.e.AbstractTransferListenerAdapter - Downloaded https://repo.maven.apache.org/maven2/org/springframework/spring-context/5.3.30/spring-context-5.3.30-sources.jar
2023-09-29 12:09:13,045 [Worker-48: Download sources and javadoc] INFO  o.e.m.j.internal.DownloadSourcesJob - Downloaded sources for org.springframework:spring-context:5.3.30
2023-09-29 12:09:13,295 [Worker-48: Download sources and javadoc] INFO  o.e.m.c.i.e.AbstractTransferListenerAdapter - Downloading https://repo.maven.apache.org/maven2/org/springframework/spring-aop/5.3.30/spring-aop-5.3.30-sources.jar
2023-09-29 12:09:13,502 [Worker-48: Download sources and javadoc] INFO  o.e.m.c.i.e.AbstractTransferListenerAdapter - Downloaded https://repo.maven.apache.org/maven2/org/springframework/spring-aop/5.3.30/spring-aop-5.3.30-sources.jar
2023-09-29 12:09:13,504 [Worker-48: Download sources and javadoc] INFO  o.e.m.j.internal.DownloadSourcesJob - Downloaded sources for org.springframework:spring-aop:5.3.30
2023-09-29 12:09:13,737 [Worker-48: Download sources and javadoc] INFO  o.e.m.c.i.e.AbstractTransferListenerAdapter - Downloading https://repo.maven.apache.org/maven2/org/springframework/spring-beans/5.3.30/spring-beans-5.3.30-sources.jar
2023-09-29 12:09:14,011 [Worker-48: Download sources and javadoc] INFO  o.e.m.c.i.e.AbstractTransferListenerAdapter - Downloaded https://repo.maven.apache.org/maven2/org/springframework/spring-beans/5.3.30/spring-beans-5.3.30-sources.jar
2023-09-29 12:09:14,015 [Worker-48: Download sources and javadoc] INFO  o.e.m.j.internal.DownloadSourcesJob - Downloaded sources for org.springframework:spring-beans:5.3.30
2023-09-29 12:09:14,234 [Worker-48: Download sources and javadoc] INFO  o.e.m.c.i.e.AbstractTransferListenerAdapter - Downloading https://repo.maven.apache.org/maven2/org/springframework/spring-core/5.3.30/spring-core-5.3.30-sources.jar
2023-09-29 12:09:14,528 [Worker-48: Download sources and javadoc] INFO  o.e.m.c.i.e.AbstractTransferListenerAdapter - Downloaded https://repo.maven.apache.org/maven2/org/springframework/spring-core/5.3.30/spring-core-5.3.30-sources.jar
2023-09-29 12:09:14,533 [Worker-48: Download sources and javadoc] INFO  o.e.m.j.internal.DownloadSourcesJob - Downloaded sources for org.springframework:spring-core:5.3.30
2023-09-29 12:09:14,780 [Worker-48: Download sources and javadoc] INFO  o.e.m.c.i.e.AbstractTransferListenerAdapter - Downloading https://repo.maven.apache.org/maven2/org/springframework/spring-jcl/5.3.30/spring-jcl-5.3.30-sources.jar
2023-09-29 12:09:14,881 [Worker-48: Download sources and javadoc] INFO  o.e.m.c.i.e.AbstractTransferListenerAdapter - Downloaded https://repo.maven.apache.org/maven2/org/springframework/spring-jcl/5.3.30/spring-jcl-5.3.30-sources.jar
2023-09-29 12:09:14,890 [Worker-48: Download sources and javadoc] INFO  o.e.m.j.internal.DownloadSourcesJob - Downloaded sources for org.springframework:spring-jcl:5.3.30
2023-09-29 12:09:15,245 [Worker-48: Download sources and javadoc] INFO  o.e.m.c.i.e.AbstractTransferListenerAdapter - Downloading https://repo.maven.apache.org/maven2/org/springframework/spring-expression/5.3.30/spring-expression-5.3.30-sources.jar
2023-09-29 12:09:15,419 [Worker-48: Download sources and javadoc] INFO  o.e.m.c.i.e.AbstractTransferListenerAdapter - Downloaded https://repo.maven.apache.org/maven2/org/springframework/spring-expression/5.3.30/spring-expression-5.3.30-sources.jar
2023-09-29 12:09:15,425 [Worker-48: Download sources and javadoc] INFO  o.e.m.j.internal.DownloadSourcesJob - Downloaded sources for org.springframework:spring-expression:5.3.30
2023-09-29 12:09:15,667 [Worker-48: Building] INFO  o.e.m.c.i.embedder.EclipseLogger - Using 'UTF-8' encoding to copy filtered resources.
2023-09-29 12:09:15,667 [Worker-48: Building] INFO  o.e.m.c.i.embedder.EclipseLogger - skip non existing resourceDirectory /Users/Shalini/Desktop/SchlumbergerSpringWS/SpringDemo/src/main/resources
2023-09-29 12:09:15,667 [Worker-48: Building] INFO  o.e.m.c.i.embedder.EclipseLogger - Using 'UTF-8' encoding to copy filtered resources.
2023-09-29 12:09:15,667 [Worker-48: Building] INFO  o.e.m.c.i.embedder.EclipseLogger - skip non existing resourceDirectory /Users/Shalini/Desktop/SchlumbergerSpringWS/SpringDemo/src/test/resources
2023-09-29 12:12:34,799 [Worker-49: Building] INFO  o.e.m.c.i.l.LifecycleMappingFactory - Using org.eclipse.m2e.jdt.JarLifecycleMapping lifecycle mapping for MavenProject: com.spring:SpringDemo:0.0.1-SNAPSHOT @ /Users/Shalini/Desktop/SchlumbergerSpringWS/SpringDemo/pom.xml.
2023-09-29 12:12:34,906 [Worker-49: Building] INFO  o.e.m.c.i.embedder.EclipseLogger - Using 'UTF-8' encoding to copy filtered resources.
2023-09-29 12:12:34,906 [Worker-49: Building] INFO  o.e.m.c.i.embedder.EclipseLogger - skip non existing resourceDirectory /Users/Shalini/Desktop/SchlumbergerSpringWS/SpringDemo/src/main/resources
2023-09-29 12:12:34,915 [Worker-49: Building] INFO  o.e.m.c.i.embedder.EclipseLogger - Using 'UTF-8' encoding to copy filtered resources.
2023-09-29 12:12:34,916 [Worker-49: Building] INFO  o.e.m.c.i.embedder.EclipseLogger - skip non existing resourceDirectory /Users/Shalini/Desktop/SchlumbergerSpringWS/SpringDemo/src/test/resources
2023-09-29 12:12:36,319 [Worker-49: Building] INFO  o.e.m.c.i.embedder.EclipseLogger - Using 'UTF-8' encoding to copy filtered resources.
2023-09-29 12:12:36,319 [Worker-49: Building] INFO  o.e.m.c.i.embedder.EclipseLogger - skip non existing resourceDirectory /Users/Shalini/Desktop/SchlumbergerSpringWS/SpringDemo/src/main/resources
2023-09-29 12:12:36,332 [Worker-49: Building] INFO  o.e.m.c.i.embedder.EclipseLogger - Using 'UTF-8' encoding to copy filtered resources.
2023-09-29 12:12:36,333 [Worker-49: Building] INFO  o.e.m.c.i.embedder.EclipseLogger - skip non existing resourceDirectory /Users/Shalini/Desktop/SchlumbergerSpringWS/SpringDemo/src/test/resources
2023-09-29 12:18:29,362 [Worker-49: Building] INFO  o.e.m.c.i.embedder.EclipseLogger - Using 'UTF-8' encoding to copy filtered resources.
2023-09-29 12:18:29,363 [Worker-49: Building] INFO  o.e.m.c.i.embedder.EclipseLogger - skip non existing resourceDirectory /Users/Shalini/Desktop/SchlumbergerSpringWS/SpringDemo/src/main/resources
2023-09-29 12:18:29,366 [Worker-49: Building] INFO  o.e.m.c.i.embedder.EclipseLogger - Using 'UTF-8' encoding to copy filtered resources.
2023-09-29 12:18:29,366 [Worker-49: Building] INFO  o.e.m.c.i.embedder.EclipseLogger - skip non existing resourceDirectory /Users/Shalini/Desktop/SchlumbergerSpringWS/SpringDemo/src/test/resources
2023-09-29 12:18:53,518 [Worker-47: Building] INFO  o.e.m.c.i.embedder.EclipseLogger - Using 'UTF-8' encoding to copy filtered resources.
2023-09-29 12:18:53,520 [Worker-47: Building] INFO  o.e.m.c.i.embedder.EclipseLogger - skip non existing resourceDirectory /Users/Shalini/Desktop/SchlumbergerSpringWS/SpringDemo/src/main/resources
2023-09-29 12:18:53,522 [Worker-47: Building] INFO  o.e.m.c.i.embedder.EclipseLogger - Using 'UTF-8' encoding to copy filtered resources.
2023-09-29 12:18:53,522 [Worker-47: Building] INFO  o.e.m.c.i.embedder.EclipseLogger - skip non existing resourceDirectory /Users/Shalini/Desktop/SchlumbergerSpringWS/SpringDemo/src/test/resources
2023-09-29 12:19:00,833 [Worker-47: Building] INFO  o.e.m.c.i.embedder.EclipseLogger - Using 'UTF-8' encoding to copy filtered resources.
2023-09-29 12:19:00,833 [Worker-47: Building] INFO  o.e.m.c.i.embedder.EclipseLogger - skip non existing resourceDirectory /Users/Shalini/Desktop/SchlumbergerSpringWS/SpringDemo/src/main/resources
2023-09-29 12:19:00,835 [Worker-47: Building] INFO  o.e.m.c.i.embedder.EclipseLogger - Using 'UTF-8' encoding to copy filtered resources.
2023-09-29 12:19:00,835 [Worker-47: Building] INFO  o.e.m.c.i.embedder.EclipseLogger - skip non existing resourceDirectory /Users/Shalini/Desktop/SchlumbergerSpringWS/SpringDemo/src/test/resources
2023-09-29 12:19:29,981 [Worker-52: Building] INFO  o.e.m.c.i.embedder.EclipseLogger - Using 'UTF-8' encoding to copy filtered resources.
2023-09-29 12:19:29,981 [Worker-52: Building] INFO  o.e.m.c.i.embedder.EclipseLogger - skip non existing resourceDirectory /Users/Shalini/Desktop/SchlumbergerSpringWS/SpringDemo/src/main/resources
2023-09-29 12:19:29,985 [Worker-52: Building] INFO  o.e.m.c.i.embedder.EclipseLogger - Using 'UTF-8' encoding to copy filtered resources.
2023-09-29 12:19:29,985 [Worker-52: Building] INFO  o.e.m.c.i.embedder.EclipseLogger - skip non existing resourceDirectory /Users/Shalini/Desktop/SchlumbergerSpringWS/SpringDemo/src/test/resources
2023-09-29 12:19:41,930 [Worker-47: Building] INFO  o.e.m.c.i.embedder.EclipseLogger - Using 'UTF-8' encoding to copy filtered resources.
2023-09-29 12:19:41,931 [Worker-47: Building] INFO  o.e.m.c.i.embedder.EclipseLogger - skip non existing resourceDirectory /Users/Shalini/Desktop/SchlumbergerSpringWS/SpringDemo/src/main/resources
2023-09-29 12:19:41,933 [Worker-47: Building] INFO  o.e.m.c.i.embedder.EclipseLogger - Using 'UTF-8' encoding to copy filtered resources.
2023-09-29 12:19:41,933 [Worker-47: Building] INFO  o.e.m.c.i.embedder.EclipseLogger - skip non existing resourceDirectory /Users/Shalini/Desktop/SchlumbergerSpringWS/SpringDemo/src/test/resources
2023-09-29 12:28:22,023 [Worker-54: Building] INFO  o.e.m.c.i.embedder.EclipseLogger - Using 'UTF-8' encoding to copy filtered resources.
2023-09-29 12:28:22,024 [Worker-54: Building] INFO  o.e.m.c.i.embedder.EclipseLogger - skip non existing resourceDirectory /Users/Shalini/Desktop/SchlumbergerSpringWS/SpringDemo/src/main/resources
2023-09-29 12:28:22,027 [Worker-54: Building] INFO  o.e.m.c.i.embedder.EclipseLogger - Using 'UTF-8' encoding to copy filtered resources.
2023-09-29 12:28:22,027 [Worker-54: Building] INFO  o.e.m.c.i.embedder.EclipseLogger - skip non existing resourceDirectory /Users/Shalini/Desktop/SchlumbergerSpringWS/SpringDemo/src/test/resources
2023-09-29 12:28:34,117 [Worker-56: Building] INFO  o.e.m.c.i.embedder.EclipseLogger - Using 'UTF-8' encoding to copy filtered resources.
2023-09-29 12:28:34,118 [Worker-56: Building] INFO  o.e.m.c.i.embedder.EclipseLogger - skip non existing resourceDirectory /Users/Shalini/Desktop/SchlumbergerSpringWS/SpringDemo/src/main/resources
2023-09-29 12:28:34,118 [Worker-56: Building] INFO  o.e.m.c.i.embedder.EclipseLogger - Using 'UTF-8' encoding to copy filtered resources.
2023-09-29 12:28:34,118 [Worker-56: Building] INFO  o.e.m.c.i.embedder.EclipseLogger - skip non existing resourceDirectory /Users/Shalini/Desktop/SchlumbergerSpringWS/SpringDemo/src/test/resources
2023-09-29 12:30:22,711 [Worker-55: Building] INFO  o.e.m.c.i.embedder.EclipseLogger - Using 'UTF-8' encoding to copy filtered resources.
2023-09-29 12:30:22,712 [Worker-55: Building] INFO  o.e.m.c.i.embedder.EclipseLogger - skip non existing resourceDirectory /Users/Shalini/Desktop/SchlumbergerSpringWS/SpringDemo/src/main/resources
2023-09-29 12:30:22,714 [Worker-55: Building] INFO  o.e.m.c.i.embedder.EclipseLogger - Using 'UTF-8' encoding to copy filtered resources.
2023-09-29 12:30:22,714 [Worker-55: Building] INFO  o.e.m.c.i.embedder.EclipseLogger - skip non existing resourceDirectory /Users/Shalini/Desktop/SchlumbergerSpringWS/SpringDemo/src/test/resources
2023-09-29 12:31:26,555 [Worker-49: Building] INFO  o.e.m.c.i.embedder.EclipseLogger - Using 'UTF-8' encoding to copy filtered resources.
2023-09-29 12:31:26,557 [Worker-49: Building] INFO  o.e.m.c.i.embedder.EclipseLogger - skip non existing resourceDirectory /Users/Shalini/Desktop/SchlumbergerSpringWS/SpringDemo/src/main/resources
2023-09-29 12:31:26,558 [Worker-49: Building] INFO  o.e.m.c.i.embedder.EclipseLogger - Using 'UTF-8' encoding to copy filtered resources.
2023-09-29 12:31:26,558 [Worker-49: Building] INFO  o.e.m.c.i.embedder.EclipseLogger - skip non existing resourceDirectory /Users/Shalini/Desktop/SchlumbergerSpringWS/SpringDemo/src/test/resources
2023-09-29 12:32:11,878 [Worker-55: Building] INFO  o.e.m.c.i.embedder.EclipseLogger - Using 'UTF-8' encoding to copy filtered resources.
2023-09-29 12:32:11,880 [Worker-55: Building] INFO  o.e.m.c.i.embedder.EclipseLogger - skip non existing resourceDirectory /Users/Shalini/Desktop/SchlumbergerSpringWS/SpringDemo/src/main/resources
2023-09-29 12:32:11,882 [Worker-55: Building] INFO  o.e.m.c.i.embedder.EclipseLogger - Using 'UTF-8' encoding to copy filtered resources.
2023-09-29 12:32:11,883 [Worker-55: Building] INFO  o.e.m.c.i.embedder.EclipseLogger - skip non existing resourceDirectory /Users/Shalini/Desktop/SchlumbergerSpringWS/SpringDemo/src/test/resources
2023-09-29 12:33:42,201 [Worker-56: Building] INFO  o.e.m.c.i.embedder.EclipseLogger - Using 'UTF-8' encoding to copy filtered resources.
2023-09-29 12:33:42,202 [Worker-56: Building] INFO  o.e.m.c.i.embedder.EclipseLogger - skip non existing resourceDirectory /Users/Shalini/Desktop/SchlumbergerSpringWS/SpringDemo/src/main/resources
2023-09-29 12:33:42,203 [Worker-56: Building] INFO  o.e.m.c.i.embedder.EclipseLogger - Using 'UTF-8' encoding to copy filtered resources.
2023-09-29 12:33:42,204 [Worker-56: Building] INFO  o.e.m.c.i.embedder.EclipseLogger - skip non existing resourceDirectory /Users/Shalini/Desktop/SchlumbergerSpringWS/SpringDemo/src/test/resources
2023-09-29 12:34:02,831 [Worker-58: Building] INFO  o.e.m.c.i.embedder.EclipseLogger - Using 'UTF-8' encoding to copy filtered resources.
2023-09-29 12:34:02,833 [Worker-58: Building] INFO  o.e.m.c.i.embedder.EclipseLogger - skip non existing resourceDirectory /Users/Shalini/Desktop/SchlumbergerSpringWS/SpringDemo/src/main/resources
2023-09-29 12:34:02,834 [Worker-58: Building] INFO  o.e.m.c.i.embedder.EclipseLogger - Using 'UTF-8' encoding to copy filtered resources.
2023-09-29 12:34:02,834 [Worker-58: Building] INFO  o.e.m.c.i.embedder.EclipseLogger - skip non existing resourceDirectory /Users/Shalini/Desktop/SchlumbergerSpringWS/SpringDemo/src/test/resources
2023-09-29 12:34:31,067 [Worker-55: Building] INFO  o.e.m.c.i.embedder.EclipseLogger - Using 'UTF-8' encoding to copy filtered resources.
2023-09-29 12:34:31,068 [Worker-55: Building] INFO  o.e.m.c.i.embedder.EclipseLogger - skip non existing resourceDirectory /Users/Shalini/Desktop/SchlumbergerSpringWS/SpringDemo/src/main/resources
2023-09-29 12:34:31,071 [Worker-55: Building] INFO  o.e.m.c.i.embedder.EclipseLogger - Using 'UTF-8' encoding to copy filtered resources.
2023-09-29 12:34:31,071 [Worker-55: Building] INFO  o.e.m.c.i.embedder.EclipseLogger - skip non existing resourceDirectory /Users/Shalini/Desktop/SchlumbergerSpringWS/SpringDemo/src/test/resources
2023-09-29 12:39:25,711 [Worker-55: Building] INFO  o.e.m.c.i.embedder.EclipseLogger - Using 'UTF-8' encoding to copy filtered resources.
2023-09-29 12:39:25,712 [Worker-55: Building] INFO  o.e.m.c.i.embedder.EclipseLogger - skip non existing resourceDirectory /Users/Shalini/Desktop/SchlumbergerSpringWS/SpringDemo/src/main/resources
2023-09-29 12:39:25,714 [Worker-55: Building] INFO  o.e.m.c.i.embedder.EclipseLogger - Using 'UTF-8' encoding to copy filtered resources.
2023-09-29 12:39:25,714 [Worker-55: Building] INFO  o.e.m.c.i.embedder.EclipseLogger - skip non existing resourceDirectory /Users/Shalini/Desktop/SchlumbergerSpringWS/SpringDemo/src/test/resources
2023-09-29 12:40:53,289 [Worker-57: Building] INFO  o.e.m.c.i.embedder.EclipseLogger - Using 'UTF-8' encoding to copy filtered resources.
2023-09-29 12:40:53,289 [Worker-57: Building] INFO  o.e.m.c.i.embedder.EclipseLogger - skip non existing resourceDirectory /Users/Shalini/Desktop/SchlumbergerSpringWS/SpringDemo/src/main/resources
2023-09-29 12:40:53,290 [Worker-57: Building] INFO  o.e.m.c.i.embedder.EclipseLogger - Using 'UTF-8' encoding to copy filtered resources.
2023-09-29 12:40:53,291 [Worker-57: Building] INFO  o.e.m.c.i.embedder.EclipseLogger - skip non existing resourceDirectory /Users/Shalini/Desktop/SchlumbergerSpringWS/SpringDemo/src/test/resources
2023-09-29 12:47:02,250 [Worker-60: Building] INFO  o.e.m.c.i.embedder.EclipseLogger - Using 'UTF-8' encoding to copy filtered resources.
2023-09-29 12:47:02,252 [Worker-60: Building] INFO  o.e.m.c.i.embedder.EclipseLogger - skip non existing resourceDirectory /Users/Shalini/Desktop/SchlumbergerSpringWS/SpringDemo/src/main/resources
2023-09-29 12:47:02,254 [Worker-60: Building] INFO  o.e.m.c.i.embedder.EclipseLogger - Using 'UTF-8' encoding to copy filtered resources.
2023-09-29 12:47:02,254 [Worker-60: Building] INFO  o.e.m.c.i.embedder.EclipseLogger - skip non existing resourceDirectory /Users/Shalini/Desktop/SchlumbergerSpringWS/SpringDemo/src/test/resources
2023-09-29 12:47:10,849 [Worker-49: Building] INFO  o.e.m.c.i.embedder.EclipseLogger - Using 'UTF-8' encoding to copy filtered resources.
2023-09-29 12:47:10,851 [Worker-49: Building] INFO  o.e.m.c.i.embedder.EclipseLogger - skip non existing resourceDirectory /Users/Shalini/Desktop/SchlumbergerSpringWS/SpringDemo/src/main/resources
2023-09-29 12:47:10,852 [Worker-49: Building] INFO  o.e.m.c.i.embedder.EclipseLogger - Using 'UTF-8' encoding to copy filtered resources.
2023-09-29 12:47:10,852 [Worker-49: Building] INFO  o.e.m.c.i.embedder.EclipseLogger - skip non existing resourceDirectory /Users/Shalini/Desktop/SchlumbergerSpringWS/SpringDemo/src/test/resources
2023-09-29 12:47:36,445 [Worker-61: Building] INFO  o.e.m.c.i.embedder.EclipseLogger - Using 'UTF-8' encoding to copy filtered resources.
2023-09-29 12:47:36,445 [Worker-61: Building] INFO  o.e.m.c.i.embedder.EclipseLogger - skip non existing resourceDirectory /Users/Shalini/Desktop/SchlumbergerSpringWS/SpringDemo/src/main/resources
2023-09-29 12:47:36,445 [Worker-61: Building] INFO  o.e.m.c.i.embedder.EclipseLogger - Using 'UTF-8' encoding to copy filtered resources.
2023-09-29 12:47:36,445 [Worker-61: Building] INFO  o.e.m.c.i.embedder.EclipseLogger - skip non existing resourceDirectory /Users/Shalini/Desktop/SchlumbergerSpringWS/SpringDemo/src/test/resources
2023-09-29 12:48:35,159 [Worker-60: Building] INFO  o.e.m.c.i.embedder.EclipseLogger - Using 'UTF-8' encoding to copy filtered resources.
2023-09-29 12:48:35,161 [Worker-60: Building] INFO  o.e.m.c.i.embedder.EclipseLogger - skip non existing resourceDirectory /Users/Shalini/Desktop/SchlumbergerSpringWS/SpringDemo/src/main/resources
2023-09-29 12:48:35,162 [Worker-60: Building] INFO  o.e.m.c.i.embedder.EclipseLogger - Using 'UTF-8' encoding to copy filtered resources.
2023-09-29 12:48:35,162 [Worker-60: Building] INFO  o.e.m.c.i.embedder.EclipseLogger - skip non existing resourceDirectory /Users/Shalini/Desktop/SchlumbergerSpringWS/SpringDemo/src/test/resources
2023-09-29 12:49:59,200 [Worker-61: Building] INFO  o.e.m.c.i.embedder.EclipseLogger - Using 'UTF-8' encoding to copy filtered resources.
2023-09-29 12:49:59,202 [Worker-61: Building] INFO  o.e.m.c.i.embedder.EclipseLogger - skip non existing resourceDirectory /Users/Shalini/Desktop/SchlumbergerSpringWS/SpringDemo/src/main/resources
2023-09-29 12:49:59,203 [Worker-61: Building] INFO  o.e.m.c.i.embedder.EclipseLogger - Using 'UTF-8' encoding to copy filtered resources.
2023-09-29 12:49:59,203 [Worker-61: Building] INFO  o.e.m.c.i.embedder.EclipseLogger - skip non existing resourceDirectory /Users/Shalini/Desktop/SchlumbergerSpringWS/SpringDemo/src/test/resources
2023-09-29 12:50:03,810 [Worker-56: Building] INFO  o.e.m.c.i.embedder.EclipseLogger - Using 'UTF-8' encoding to copy filtered resources.
2023-09-29 12:50:03,810 [Worker-56: Building] INFO  o.e.m.c.i.embedder.EclipseLogger - skip non existing resourceDirectory /Users/Shalini/Desktop/SchlumbergerSpringWS/SpringDemo/src/main/resources
2023-09-29 12:50:03,812 [Worker-56: Building] INFO  o.e.m.c.i.embedder.EclipseLogger - Using 'UTF-8' encoding to copy filtered resources.
2023-09-29 12:50:03,812 [Worker-56: Building] INFO  o.e.m.c.i.embedder.EclipseLogger - skip non existing resourceDirectory /Users/Shalini/Desktop/SchlumbergerSpringWS/SpringDemo/src/test/resources
2023-09-29 12:56:45,205 [Worker-64: Building] INFO  o.e.m.c.i.embedder.EclipseLogger - Using 'UTF-8' encoding to copy filtered resources.
2023-09-29 12:56:45,207 [Worker-64: Building] INFO  o.e.m.c.i.embedder.EclipseLogger - skip non existing resourceDirectory /Users/Shalini/Desktop/SchlumbergerSpringWS/SpringDemo/src/main/resources
2023-09-29 12:56:45,208 [Worker-64: Building] INFO  o.e.m.c.i.embedder.EclipseLogger - Using 'UTF-8' encoding to copy filtered resources.
2023-09-29 12:56:45,208 [Worker-64: Building] INFO  o.e.m.c.i.embedder.EclipseLogger - skip non existing resourceDirectory /Users/Shalini/Desktop/SchlumbergerSpringWS/SpringDemo/src/test/resources
2023-09-29 12:56:56,911 [Worker-64: Building] INFO  o.e.m.c.i.embedder.EclipseLogger - Using 'UTF-8' encoding to copy filtered resources.
2023-09-29 12:56:56,912 [Worker-64: Building] INFO  o.e.m.c.i.embedder.EclipseLogger - skip non existing resourceDirectory /Users/Shalini/Desktop/SchlumbergerSpringWS/SpringDemo/src/main/resources
2023-09-29 12:56:56,917 [Worker-64: Building] INFO  o.e.m.c.i.embedder.EclipseLogger - Using 'UTF-8' encoding to copy filtered resources.
2023-09-29 12:56:56,917 [Worker-64: Building] INFO  o.e.m.c.i.embedder.EclipseLogger - skip non existing resourceDirectory /Users/Shalini/Desktop/SchlumbergerSpringWS/SpringDemo/src/test/resources
2023-09-29 12:57:08,292 [Worker-49: Building] INFO  o.e.m.c.i.embedder.EclipseLogger - Using 'UTF-8' encoding to copy filtered resources.
2023-09-29 12:57:08,294 [Worker-49: Building] INFO  o.e.m.c.i.embedder.EclipseLogger - skip non existing resourceDirectory /Users/Shalini/Desktop/SchlumbergerSpringWS/SpringDemo/src/main/resources
2023-09-29 12:57:08,295 [Worker-49: Building] INFO  o.e.m.c.i.embedder.EclipseLogger - Using 'UTF-8' encoding to copy filtered resources.
2023-09-29 12:57:08,295 [Worker-49: Building] INFO  o.e.m.c.i.embedder.EclipseLogger - skip non existing resourceDirectory /Users/Shalini/Desktop/SchlumbergerSpringWS/SpringDemo/src/test/resources
2023-09-29 12:57:16,503 [Worker-49: Building] INFO  o.e.m.c.i.embedder.EclipseLogger - Using 'UTF-8' encoding to copy filtered resources.
2023-09-29 12:57:16,503 [Worker-49: Building] INFO  o.e.m.c.i.embedder.EclipseLogger - skip non existing resourceDirectory /Users/Shalini/Desktop/SchlumbergerSpringWS/SpringDemo/src/main/resources
2023-09-29 12:57:16,505 [Worker-49: Building] INFO  o.e.m.c.i.embedder.EclipseLogger - Using 'UTF-8' encoding to copy filtered resources.
2023-09-29 12:57:16,505 [Worker-49: Building] INFO  o.e.m.c.i.embedder.EclipseLogger - skip non existing resourceDirectory /Users/Shalini/Desktop/SchlumbergerSpringWS/SpringDemo/src/test/resources
2023-09-29 12:57:38,800 [Worker-63: Building] INFO  o.e.m.c.i.embedder.EclipseLogger - Using 'UTF-8' encoding to copy filtered resources.
2023-09-29 12:57:38,801 [Worker-63: Building] INFO  o.e.m.c.i.embedder.EclipseLogger - skip non existing resourceDirectory /Users/Shalini/Desktop/SchlumbergerSpringWS/SpringDemo/src/main/resources
2023-09-29 12:57:38,803 [Worker-63: Building] INFO  o.e.m.c.i.embedder.EclipseLogger - Using 'UTF-8' encoding to copy filtered resources.
2023-09-29 12:57:38,803 [Worker-63: Building] INFO  o.e.m.c.i.embedder.EclipseLogger - skip non existing resourceDirectory /Users/Shalini/Desktop/SchlumbergerSpringWS/SpringDemo/src/test/resources
2023-09-29 12:57:49,712 [Worker-64: Building] INFO  o.e.m.c.i.embedder.EclipseLogger - Using 'UTF-8' encoding to copy filtered resources.
2023-09-29 12:57:49,714 [Worker-64: Building] INFO  o.e.m.c.i.embedder.EclipseLogger - skip non existing resourceDirectory /Users/Shalini/Desktop/SchlumbergerSpringWS/SpringDemo/src/main/resources
2023-09-29 12:57:49,715 [Worker-64: Building] INFO  o.e.m.c.i.embedder.EclipseLogger - Using 'UTF-8' encoding to copy filtered resources.
2023-09-29 12:57:49,715 [Worker-64: Building] INFO  o.e.m.c.i.embedder.EclipseLogger - skip non existing resourceDirectory /Users/Shalini/Desktop/SchlumbergerSpringWS/SpringDemo/src/test/resources
2023-09-29 12:58:27,682 [Worker-66: Building] INFO  o.e.m.c.i.embedder.EclipseLogger - Using 'UTF-8' encoding to copy filtered resources.
2023-09-29 12:58:27,682 [Worker-66: Building] INFO  o.e.m.c.i.embedder.EclipseLogger - skip non existing resourceDirectory /Users/Shalini/Desktop/SchlumbergerSpringWS/SpringDemo/src/main/resources
2023-09-29 12:58:27,683 [Worker-66: Building] INFO  o.e.m.c.i.embedder.EclipseLogger - Using 'UTF-8' encoding to copy filtered resources.
2023-09-29 12:58:27,683 [Worker-66: Building] INFO  o.e.m.c.i.embedder.EclipseLogger - skip non existing resourceDirectory /Users/Shalini/Desktop/SchlumbergerSpringWS/SpringDemo/src/test/resources
2023-09-29 14:17:26,230 [Worker-64: Launching Executing install in _Users_Shalini_Desktop_SchlumbergerSpringWS_PaymentProject] INFO  o.e.m.i.launch.MavenLaunchDelegate - /Users/Shalini/Desktop/SchlumbergerSpringWS/PaymentProject
2023-09-29 14:17:26,236 [Worker-64: Launching Executing install in _Users_Shalini_Desktop_SchlumbergerSpringWS_PaymentProject] INFO  o.e.m.i.launch.MavenLaunchDelegate -  mvn -B install
2023-09-29 14:17:50,344 [Worker-65: Building] INFO  o.e.m.c.i.l.LifecycleMappingFactory - Using org.eclipse.m2e.jdt.JarLifecycleMapping lifecycle mapping for MavenProject: com.spring:SpringDemo:0.0.1-SNAPSHOT @ /Users/Shalini/Desktop/SchlumbergerSpringWS/SpringDemo/pom.xml.
2023-09-29 14:17:50,504 [Worker-65: Building] INFO  o.e.m.c.i.embedder.EclipseLogger - Using 'UTF-8' encoding to copy filtered resources.
2023-09-29 14:17:50,505 [Worker-65: Building] INFO  o.e.m.c.i.embedder.EclipseLogger - skip non existing resourceDirectory /Users/Shalini/Desktop/SchlumbergerSpringWS/SpringDemo/src/main/resources
2023-09-29 14:17:50,507 [Worker-65: Building] INFO  o.e.m.c.i.embedder.EclipseLogger - Using 'UTF-8' encoding to copy filtered resources.
2023-09-29 14:17:50,507 [Worker-65: Building] INFO  o.e.m.c.i.embedder.EclipseLogger - skip non existing resourceDirectory /Users/Shalini/Desktop/SchlumbergerSpringWS/SpringDemo/src/test/resources
2023-09-29 14:17:51,546 [Worker-65: Download sources and javadoc] ERROR o.e.m.j.internal.DownloadSourcesJob - Could not download javadoc for com.payment:PaymentProject:1.0-SNAPSHOT
org.eclipse.core.runtime.CoreException: Could not resolve artifact com.payment:PaymentProject:jar:javadoc:1.0-SNAPSHOT
	at org.eclipse.m2e.core.internal.embedder.MavenImpl.lambda$4(MavenImpl.java:828)
	at org.eclipse.m2e.core.internal.embedder.MavenExecutionContext.executeBare(MavenExecutionContext.java:182)
	at org.eclipse.m2e.core.internal.embedder.MavenExecutionContext.execute(MavenExecutionContext.java:117)
	at org.eclipse.m2e.core.internal.embedder.MavenExecutionContext.execute(MavenExecutionContext.java:103)
	at org.eclipse.m2e.core.internal.embedder.MavenImpl.resolve(MavenImpl.java:796)
	at org.eclipse.m2e.core.internal.embedder.MavenImpl.resolve(MavenImpl.java:773)
	at org.eclipse.m2e.jdt.internal.DownloadSourcesJob.download(DownloadSourcesJob.java:311)
	at org.eclipse.m2e.jdt.internal.DownloadSourcesJob.downloadAttachments(DownloadSourcesJob.java:297)
	at org.eclipse.m2e.jdt.internal.DownloadSourcesJob.downloadMaven(DownloadSourcesJob.java:255)
	at org.eclipse.m2e.jdt.internal.DownloadSourcesJob.downloadFilesAndPopulateToUpdate(DownloadSourcesJob.java:223)
	at org.eclipse.m2e.jdt.internal.DownloadSourcesJob.lambda$0(DownloadSourcesJob.java:152)
	at org.eclipse.m2e.core.internal.embedder.MavenExecutionContext.executeBare(MavenExecutionContext.java:182)
	at org.eclipse.m2e.core.internal.embedder.MavenExecutionContext.execute(MavenExecutionContext.java:156)
	at org.eclipse.m2e.core.internal.embedder.MavenExecutionContext.execute(MavenExecutionContext.java:103)
	at org.eclipse.m2e.core.internal.embedder.MavenImpl.execute(MavenImpl.java:1416)
	at org.eclipse.m2e.jdt.internal.DownloadSourcesJob.run(DownloadSourcesJob.java:152)
	at org.eclipse.core.internal.jobs.Worker.run(Worker.java:63)
2023-09-29 14:17:51,830 [Worker-69: Building] INFO  o.e.m.c.i.embedder.EclipseLogger - Using 'UTF-8' encoding to copy filtered resources.
2023-09-29 14:17:51,830 [Worker-69: Building] INFO  o.e.m.c.i.embedder.EclipseLogger - skip non existing resourceDirectory /Users/Shalini/Desktop/SchlumbergerSpringWS/SpringDemo/src/main/resources
2023-09-29 14:17:51,830 [Worker-69: Building] INFO  o.e.m.c.i.embedder.EclipseLogger - Using 'UTF-8' encoding to copy filtered resources.
2023-09-29 14:17:51,830 [Worker-69: Building] INFO  o.e.m.c.i.embedder.EclipseLogger - skip non existing resourceDirectory /Users/Shalini/Desktop/SchlumbergerSpringWS/SpringDemo/src/test/resources
2023-09-29 14:18:04,769 [Worker-69: Building] INFO  o.e.m.c.i.embedder.EclipseLogger - Using 'UTF-8' encoding to copy filtered resources.
2023-09-29 14:18:04,773 [Worker-69: Building] INFO  o.e.m.c.i.embedder.EclipseLogger - skip non existing resourceDirectory /Users/Shalini/Desktop/SchlumbergerSpringWS/SpringDemo/src/main/resources
2023-09-29 14:18:04,775 [Worker-69: Building] INFO  o.e.m.c.i.embedder.EclipseLogger - Using 'UTF-8' encoding to copy filtered resources.
2023-09-29 14:18:04,775 [Worker-69: Building] INFO  o.e.m.c.i.embedder.EclipseLogger - skip non existing resourceDirectory /Users/Shalini/Desktop/SchlumbergerSpringWS/SpringDemo/src/test/resources
2023-09-29 14:23:25,061 [Worker-49: Building] INFO  o.e.m.c.i.embedder.EclipseLogger - Using 'UTF-8' encoding to copy filtered resources.
2023-09-29 14:23:25,063 [Worker-49: Building] INFO  o.e.m.c.i.embedder.EclipseLogger - skip non existing resourceDirectory /Users/Shalini/Desktop/SchlumbergerSpringWS/SpringDemo/src/main/resources
2023-09-29 14:23:25,065 [Worker-49: Building] INFO  o.e.m.c.i.embedder.EclipseLogger - Using 'UTF-8' encoding to copy filtered resources.
2023-09-29 14:23:25,065 [Worker-49: Building] INFO  o.e.m.c.i.embedder.EclipseLogger - skip non existing resourceDirectory /Users/Shalini/Desktop/SchlumbergerSpringWS/SpringDemo/src/test/resources
2023-09-29 14:23:49,442 [Worker-70: Building] INFO  o.e.m.c.i.embedder.EclipseLogger - Using 'UTF-8' encoding to copy filtered resources.
2023-09-29 14:23:49,444 [Worker-70: Building] INFO  o.e.m.c.i.embedder.EclipseLogger - skip non existing resourceDirectory /Users/Shalini/Desktop/SchlumbergerSpringWS/SpringDemo/src/main/resources
2023-09-29 14:23:49,446 [Worker-70: Building] INFO  o.e.m.c.i.embedder.EclipseLogger - Using 'UTF-8' encoding to copy filtered resources.
2023-09-29 14:23:49,446 [Worker-70: Building] INFO  o.e.m.c.i.embedder.EclipseLogger - skip non existing resourceDirectory /Users/Shalini/Desktop/SchlumbergerSpringWS/SpringDemo/src/test/resources
2023-09-29 14:23:58,234 [Worker-49: Building] INFO  o.e.m.c.i.embedder.EclipseLogger - Using 'UTF-8' encoding to copy filtered resources.
2023-09-29 14:23:58,235 [Worker-49: Building] INFO  o.e.m.c.i.embedder.EclipseLogger - skip non existing resourceDirectory /Users/Shalini/Desktop/SchlumbergerSpringWS/SpringDemo/src/main/resources
2023-09-29 14:23:58,237 [Worker-49: Building] INFO  o.e.m.c.i.embedder.EclipseLogger - Using 'UTF-8' encoding to copy filtered resources.
2023-09-29 14:23:58,238 [Worker-49: Building] INFO  o.e.m.c.i.embedder.EclipseLogger - skip non existing resourceDirectory /Users/Shalini/Desktop/SchlumbergerSpringWS/SpringDemo/src/test/resources
2023-09-29 14:24:26,785 [Worker-67: Building] INFO  o.e.m.c.i.embedder.EclipseLogger - Using 'UTF-8' encoding to copy filtered resources.
2023-09-29 14:24:26,786 [Worker-67: Building] INFO  o.e.m.c.i.embedder.EclipseLogger - skip non existing resourceDirectory /Users/Shalini/Desktop/SchlumbergerSpringWS/SpringDemo/src/main/resources
2023-09-29 14:24:26,787 [Worker-67: Building] INFO  o.e.m.c.i.embedder.EclipseLogger - Using 'UTF-8' encoding to copy filtered resources.
2023-09-29 14:24:26,787 [Worker-67: Building] INFO  o.e.m.c.i.embedder.EclipseLogger - skip non existing resourceDirectory /Users/Shalini/Desktop/SchlumbergerSpringWS/SpringDemo/src/test/resources
2023-09-29 14:25:45,687 [Worker-67: Building] INFO  o.e.m.c.i.embedder.EclipseLogger - Using 'UTF-8' encoding to copy filtered resources.
2023-09-29 14:25:45,688 [Worker-67: Building] INFO  o.e.m.c.i.embedder.EclipseLogger - skip non existing resourceDirectory /Users/Shalini/Desktop/SchlumbergerSpringWS/SpringDemo/src/main/resources
2023-09-29 14:25:45,691 [Worker-67: Building] INFO  o.e.m.c.i.embedder.EclipseLogger - Using 'UTF-8' encoding to copy filtered resources.
2023-09-29 14:25:45,691 [Worker-67: Building] INFO  o.e.m.c.i.embedder.EclipseLogger - skip non existing resourceDirectory /Users/Shalini/Desktop/SchlumbergerSpringWS/SpringDemo/src/test/resources
2023-09-29 14:25:52,765 [Worker-49: Building] INFO  o.e.m.c.i.embedder.EclipseLogger - Using 'UTF-8' encoding to copy filtered resources.
2023-09-29 14:25:52,765 [Worker-49: Building] INFO  o.e.m.c.i.embedder.EclipseLogger - skip non existing resourceDirectory /Users/Shalini/Desktop/SchlumbergerSpringWS/SpringDemo/src/main/resources
2023-09-29 14:25:52,766 [Worker-49: Building] INFO  o.e.m.c.i.embedder.EclipseLogger - Using 'UTF-8' encoding to copy filtered resources.
2023-09-29 14:25:52,766 [Worker-49: Building] INFO  o.e.m.c.i.embedder.EclipseLogger - skip non existing resourceDirectory /Users/Shalini/Desktop/SchlumbergerSpringWS/SpringDemo/src/test/resources
2023-09-29 14:26:00,962 [Worker-67: Building] INFO  o.e.m.c.i.embedder.EclipseLogger - Using 'UTF-8' encoding to copy filtered resources.
2023-09-29 14:26:00,966 [Worker-67: Building] INFO  o.e.m.c.i.embedder.EclipseLogger - skip non existing resourceDirectory /Users/Shalini/Desktop/SchlumbergerSpringWS/SpringDemo/src/main/resources
2023-09-29 14:26:00,968 [Worker-67: Building] INFO  o.e.m.c.i.embedder.EclipseLogger - Using 'UTF-8' encoding to copy filtered resources.
2023-09-29 14:26:00,968 [Worker-67: Building] INFO  o.e.m.c.i.embedder.EclipseLogger - skip non existing resourceDirectory /Users/Shalini/Desktop/SchlumbergerSpringWS/SpringDemo/src/test/resources
2023-09-29 14:26:09,154 [Worker-49: Building] INFO  o.e.m.c.i.embedder.EclipseLogger - Using 'UTF-8' encoding to copy filtered resources.
2023-09-29 14:26:09,157 [Worker-49: Building] INFO  o.e.m.c.i.embedder.EclipseLogger - skip non existing resourceDirectory /Users/Shalini/Desktop/SchlumbergerSpringWS/SpringDemo/src/main/resources
2023-09-29 14:26:09,158 [Worker-49: Building] INFO  o.e.m.c.i.embedder.EclipseLogger - Using 'UTF-8' encoding to copy filtered resources.
2023-09-29 14:26:09,158 [Worker-49: Building] INFO  o.e.m.c.i.embedder.EclipseLogger - skip non existing resourceDirectory /Users/Shalini/Desktop/SchlumbergerSpringWS/SpringDemo/src/test/resources
2023-09-29 14:26:10,185 [Worker-73: Building] INFO  o.e.m.c.i.embedder.EclipseLogger - Using 'UTF-8' encoding to copy filtered resources.
2023-09-29 14:26:10,185 [Worker-73: Building] INFO  o.e.m.c.i.embedder.EclipseLogger - skip non existing resourceDirectory /Users/Shalini/Desktop/SchlumbergerSpringWS/SpringDemo/src/main/resources
2023-09-29 14:26:10,185 [Worker-73: Building] INFO  o.e.m.c.i.embedder.EclipseLogger - Using 'UTF-8' encoding to copy filtered resources.
2023-09-29 14:26:10,186 [Worker-73: Building] INFO  o.e.m.c.i.embedder.EclipseLogger - skip non existing resourceDirectory /Users/Shalini/Desktop/SchlumbergerSpringWS/SpringDemo/src/test/resources
2023-09-29 14:26:14,508 [Worker-73: Building] INFO  o.e.m.c.i.embedder.EclipseLogger - Using 'UTF-8' encoding to copy filtered resources.
2023-09-29 14:26:14,509 [Worker-73: Building] INFO  o.e.m.c.i.embedder.EclipseLogger - skip non existing resourceDirectory /Users/Shalini/Desktop/SchlumbergerSpringWS/SpringDemo/src/main/resources
2023-09-29 14:26:14,510 [Worker-73: Building] INFO  o.e.m.c.i.embedder.EclipseLogger - Using 'UTF-8' encoding to copy filtered resources.
2023-09-29 14:26:14,510 [Worker-73: Building] INFO  o.e.m.c.i.embedder.EclipseLogger - skip non existing resourceDirectory /Users/Shalini/Desktop/SchlumbergerSpringWS/SpringDemo/src/test/resources
2023-09-29 14:26:19,114 [Worker-73: Building] INFO  o.e.m.c.i.embedder.EclipseLogger - Using 'UTF-8' encoding to copy filtered resources.
2023-09-29 14:26:19,115 [Worker-73: Building] INFO  o.e.m.c.i.embedder.EclipseLogger - skip non existing resourceDirectory /Users/Shalini/Desktop/SchlumbergerSpringWS/SpringDemo/src/main/resources
2023-09-29 14:26:19,115 [Worker-73: Building] INFO  o.e.m.c.i.embedder.EclipseLogger - Using 'UTF-8' encoding to copy filtered resources.
2023-09-29 14:26:19,115 [Worker-73: Building] INFO  o.e.m.c.i.embedder.EclipseLogger - skip non existing resourceDirectory /Users/Shalini/Desktop/SchlumbergerSpringWS/SpringDemo/src/test/resources
2023-09-29 14:29:30,067 [Worker-71: Building] INFO  o.e.m.c.i.embedder.EclipseLogger - Using 'UTF-8' encoding to copy filtered resources.
2023-09-29 14:29:30,067 [Worker-71: Building] INFO  o.e.m.c.i.embedder.EclipseLogger - skip non existing resourceDirectory /Users/Shalini/Desktop/SchlumbergerSpringWS/SpringDemo/src/main/resources
2023-09-29 14:29:30,068 [Worker-71: Building] INFO  o.e.m.c.i.embedder.EclipseLogger - Using 'UTF-8' encoding to copy filtered resources.
2023-09-29 14:29:30,068 [Worker-71: Building] INFO  o.e.m.c.i.embedder.EclipseLogger - skip non existing resourceDirectory /Users/Shalini/Desktop/SchlumbergerSpringWS/SpringDemo/src/test/resources
2023-09-29 14:30:14,156 [Worker-70: Building] INFO  o.e.m.c.i.embedder.EclipseLogger - Using 'UTF-8' encoding to copy filtered resources.
2023-09-29 14:30:14,158 [Worker-70: Building] INFO  o.e.m.c.i.embedder.EclipseLogger - skip non existing resourceDirectory /Users/Shalini/Desktop/SchlumbergerSpringWS/SpringDemo/src/main/resources
2023-09-29 14:30:14,164 [Worker-70: Building] INFO  o.e.m.c.i.embedder.EclipseLogger - Using 'UTF-8' encoding to copy filtered resources.
2023-09-29 14:30:14,166 [Worker-70: Building] INFO  o.e.m.c.i.embedder.EclipseLogger - skip non existing resourceDirectory /Users/Shalini/Desktop/SchlumbergerSpringWS/SpringDemo/src/test/resources
2023-09-29 14:30:19,520 [Worker-71: Building] INFO  o.e.m.c.i.embedder.EclipseLogger - Using 'UTF-8' encoding to copy filtered resources.
2023-09-29 14:30:19,522 [Worker-71: Building] INFO  o.e.m.c.i.embedder.EclipseLogger - skip non existing resourceDirectory /Users/Shalini/Desktop/SchlumbergerSpringWS/SpringDemo/src/main/resources
2023-09-29 14:30:19,524 [Worker-71: Building] INFO  o.e.m.c.i.embedder.EclipseLogger - Using 'UTF-8' encoding to copy filtered resources.
2023-09-29 14:30:19,524 [Worker-71: Building] INFO  o.e.m.c.i.embedder.EclipseLogger - skip non existing resourceDirectory /Users/Shalini/Desktop/SchlumbergerSpringWS/SpringDemo/src/test/resources
2023-09-29 14:32:15,018 [Worker-72: Building] INFO  o.e.m.c.i.embedder.EclipseLogger - Using 'UTF-8' encoding to copy filtered resources.
2023-09-29 14:32:15,018 [Worker-72: Building] INFO  o.e.m.c.i.embedder.EclipseLogger - skip non existing resourceDirectory /Users/Shalini/Desktop/SchlumbergerSpringWS/SpringDemo/src/main/resources
2023-09-29 14:32:15,021 [Worker-72: Building] INFO  o.e.m.c.i.embedder.EclipseLogger - Using 'UTF-8' encoding to copy filtered resources.
2023-09-29 14:32:15,021 [Worker-72: Building] INFO  o.e.m.c.i.embedder.EclipseLogger - skip non existing resourceDirectory /Users/Shalini/Desktop/SchlumbergerSpringWS/SpringDemo/src/test/resources
2023-09-29 14:33:54,517 [Worker-74: Building] INFO  o.e.m.c.i.l.LifecycleMappingFactory - Using org.eclipse.m2e.jdt.JarLifecycleMapping lifecycle mapping for MavenProject: com.payment:PaymentProject:0.0.1-SNAPSHOT @ /Users/Shalini/Desktop/SchlumbergerSpringWS/PaymentProject/pom.xml.
2023-09-29 14:33:54,600 [Worker-74: Building] INFO  o.e.m.c.i.embedder.EclipseLogger - Using 'UTF-8' encoding to copy filtered resources.
2023-09-29 14:33:54,600 [Worker-74: Building] INFO  o.e.m.c.i.embedder.EclipseLogger - skip non existing resourceDirectory /Users/Shalini/Desktop/SchlumbergerSpringWS/PaymentProject/src/main/resources
2023-09-29 14:33:54,602 [Worker-74: Building] INFO  o.e.m.c.i.embedder.EclipseLogger - Using 'UTF-8' encoding to copy filtered resources.
2023-09-29 14:33:54,602 [Worker-74: Building] INFO  o.e.m.c.i.embedder.EclipseLogger - skip non existing resourceDirectory /Users/Shalini/Desktop/SchlumbergerSpringWS/PaymentProject/src/test/resources
2023-09-29 14:34:01,228 [Worker-70: Updating Maven Project] INFO  o.e.m.c.i.p.ProjectConfigurationManager - Update started
2023-09-29 14:34:01,677 [Worker-70: Updating Maven Project] INFO  o.e.m.c.i.l.LifecycleMappingFactory - Using org.eclipse.m2e.jdt.JarLifecycleMapping lifecycle mapping for MavenProject: com.payment:PaymentProject:0.0.1-SNAPSHOT @ /Users/Shalini/Desktop/SchlumbergerSpringWS/PaymentProject/pom.xml.
2023-09-29 14:34:01,700 [Worker-70: Updating Maven Project] INFO  o.e.m.c.i.l.LifecycleMappingFactory - Using org.eclipse.m2e.jdt.JarLifecycleMapping lifecycle mapping for MavenProject: com.spring:SpringDemo:0.0.1-SNAPSHOT @ /Users/Shalini/Desktop/SchlumbergerSpringWS/SpringDemo/pom.xml.
2023-09-29 14:34:01,881 [Worker-70: Updating Maven Project] INFO  o.e.m.j.i.AbstractJavaProjectConfigurator - Adding source folder /PaymentProject/src/main/java
2023-09-29 14:34:01,881 [Worker-70: Updating Maven Project] INFO  o.e.m.j.i.AbstractJavaProjectConfigurator - Adding source folder /PaymentProject/src/test/java
2023-09-29 14:34:02,137 [Worker-70: Updating Maven Project] INFO  o.e.m.c.i.p.ProjectConfigurationManager - Update completed: 0 sec
2023-09-29 14:34:03,246 [Worker-76: Building] INFO  o.e.m.c.i.embedder.EclipseLogger - Using 'UTF-8' encoding to copy filtered resources.
2023-09-29 14:34:03,251 [Worker-76: Building] INFO  o.e.m.c.i.embedder.EclipseLogger - skip non existing resourceDirectory /Users/Shalini/Desktop/SchlumbergerSpringWS/PaymentProject/src/main/resources
2023-09-29 14:34:03,256 [Worker-76: Building] INFO  o.e.m.c.i.embedder.EclipseLogger - Using 'UTF-8' encoding to copy filtered resources.
2023-09-29 14:34:03,257 [Worker-76: Building] INFO  o.e.m.c.i.embedder.EclipseLogger - skip non existing resourceDirectory /Users/Shalini/Desktop/SchlumbergerSpringWS/PaymentProject/src/test/resources
2023-09-29 14:34:03,750 [Worker-76: Building] INFO  o.e.m.c.i.embedder.EclipseLogger - Using 'UTF-8' encoding to copy filtered resources.
2023-09-29 14:34:03,751 [Worker-76: Building] INFO  o.e.m.c.i.embedder.EclipseLogger - skip non existing resourceDirectory /Users/Shalini/Desktop/SchlumbergerSpringWS/SpringDemo/src/main/resources
2023-09-29 14:34:03,751 [Worker-76: Building] INFO  o.e.m.c.i.embedder.EclipseLogger - Using 'UTF-8' encoding to copy filtered resources.
2023-09-29 14:34:03,751 [Worker-76: Building] INFO  o.e.m.c.i.embedder.EclipseLogger - skip non existing resourceDirectory /Users/Shalini/Desktop/SchlumbergerSpringWS/SpringDemo/src/test/resources
2023-09-29 14:35:09,671 [Worker-77: Launching Executing install in _Users_Shalini_Desktop_SchlumbergerSpringWS_PaymentProject] INFO  o.e.m.i.launch.MavenLaunchDelegate - /Users/Shalini/Desktop/SchlumbergerSpringWS/PaymentProject
2023-09-29 14:35:09,672 [Worker-77: Launching Executing install in _Users_Shalini_Desktop_SchlumbergerSpringWS_PaymentProject] INFO  o.e.m.i.launch.MavenLaunchDelegate -  mvn -B install
2023-09-29 14:37:39,694 [Worker-74: Building] INFO  o.e.m.c.i.embedder.EclipseLogger - Using 'UTF-8' encoding to copy filtered resources.
2023-09-29 14:37:39,698 [Worker-74: Building] INFO  o.e.m.c.i.embedder.EclipseLogger - skip non existing resourceDirectory /Users/Shalini/Desktop/SchlumbergerSpringWS/SpringDemo/src/main/resources
2023-09-29 14:37:39,702 [Worker-74: Building] INFO  o.e.m.c.i.embedder.EclipseLogger - Using 'UTF-8' encoding to copy filtered resources.
2023-09-29 14:37:39,702 [Worker-74: Building] INFO  o.e.m.c.i.embedder.EclipseLogger - skip non existing resourceDirectory /Users/Shalini/Desktop/SchlumbergerSpringWS/SpringDemo/src/test/resources
2023-09-29 14:37:59,531 [Worker-74: Building] INFO  o.e.m.c.i.embedder.EclipseLogger - Using 'UTF-8' encoding to copy filtered resources.
2023-09-29 14:37:59,534 [Worker-74: Building] INFO  o.e.m.c.i.embedder.EclipseLogger - skip non existing resourceDirectory /Users/Shalini/Desktop/SchlumbergerSpringWS/SpringDemo/src/main/resources
2023-09-29 14:37:59,536 [Worker-74: Building] INFO  o.e.m.c.i.embedder.EclipseLogger - Using 'UTF-8' encoding to copy filtered resources.
2023-09-29 14:37:59,536 [Worker-74: Building] INFO  o.e.m.c.i.embedder.EclipseLogger - skip non existing resourceDirectory /Users/Shalini/Desktop/SchlumbergerSpringWS/SpringDemo/src/test/resources
2023-09-29 14:38:50,585 [Worker-74: Updating Maven Project] INFO  o.e.m.c.i.p.ProjectConfigurationManager - Update started
2023-09-29 14:38:51,302 [Worker-74: Updating Maven Project] INFO  o.e.m.c.i.l.LifecycleMappingFactory - Using org.eclipse.m2e.jdt.JarLifecycleMapping lifecycle mapping for MavenProject: com.spring:SpringDemo:0.0.1-SNAPSHOT @ /Users/Shalini/Desktop/SchlumbergerSpringWS/SpringDemo/pom.xml.
2023-09-29 14:38:51,334 [Worker-74: Updating Maven Project] INFO  o.e.m.c.i.l.LifecycleMappingFactory - Using org.eclipse.m2e.jdt.JarLifecycleMapping lifecycle mapping for MavenProject: com.payment:PaymentProject:0.0.1-SNAPSHOT @ /Users/Shalini/Desktop/SchlumbergerSpringWS/PaymentProject/pom.xml.
2023-09-29 14:38:51,525 [Worker-74: Updating Maven Project] INFO  o.e.m.j.i.AbstractJavaProjectConfigurator - Adding source folder /SpringDemo/src/main/java
2023-09-29 14:38:51,526 [Worker-74: Updating Maven Project] INFO  o.e.m.j.i.AbstractJavaProjectConfigurator - Adding source folder /SpringDemo/src/test/java
2023-09-29 14:38:52,017 [Worker-74: Updating Maven Project] INFO  o.e.m.c.i.p.ProjectConfigurationManager - Update completed: 1 sec
2023-09-29 14:38:53,163 [Worker-79: Building] INFO  o.e.m.c.i.embedder.EclipseLogger - Using 'UTF-8' encoding to copy filtered resources.
2023-09-29 14:38:53,177 [Worker-79: Building] INFO  o.e.m.c.i.embedder.EclipseLogger - skip non existing resourceDirectory /Users/Shalini/Desktop/SchlumbergerSpringWS/PaymentProject/src/main/resources
2023-09-29 14:38:53,190 [Worker-79: Building] INFO  o.e.m.c.i.embedder.EclipseLogger - Using 'UTF-8' encoding to copy filtered resources.
2023-09-29 14:38:53,192 [Worker-79: Building] INFO  o.e.m.c.i.embedder.EclipseLogger - skip non existing resourceDirectory /Users/Shalini/Desktop/SchlumbergerSpringWS/PaymentProject/src/test/resources
2023-09-29 14:38:53,881 [Worker-79: Building] INFO  o.e.m.c.i.embedder.EclipseLogger - Using 'UTF-8' encoding to copy filtered resources.
2023-09-29 14:38:53,883 [Worker-79: Building] INFO  o.e.m.c.i.embedder.EclipseLogger - skip non existing resourceDirectory /Users/Shalini/Desktop/SchlumbergerSpringWS/SpringDemo/src/main/resources
2023-09-29 14:38:53,889 [Worker-79: Building] INFO  o.e.m.c.i.embedder.EclipseLogger - Using 'UTF-8' encoding to copy filtered resources.
2023-09-29 14:38:53,890 [Worker-79: Building] INFO  o.e.m.c.i.embedder.EclipseLogger - skip non existing resourceDirectory /Users/Shalini/Desktop/SchlumbergerSpringWS/SpringDemo/src/test/resources
2023-09-29 14:40:05,442 [Worker-80: Building] INFO  o.e.m.c.i.l.LifecycleMappingFactory - Using org.eclipse.m2e.jdt.JarLifecycleMapping lifecycle mapping for MavenProject: com.spring:SpringDemo:0.0.1-SNAPSHOT @ /Users/Shalini/Desktop/SchlumbergerSpringWS/SpringDemo/pom.xml.
2023-09-29 14:40:05,571 [Worker-80: Building] INFO  o.e.m.c.i.p.WorkspaceClassifierResolverManager - Resolving P/PaymentProject: com.payment:PaymentProject:0.0.1-SNAPSHOT with classifier  to /PaymentProject/target/classes
2023-09-29 14:40:05,660 [Worker-80: Building] INFO  o.e.m.c.i.embedder.EclipseLogger - Using 'UTF-8' encoding to copy filtered resources.
2023-09-29 14:40:05,660 [Worker-80: Building] INFO  o.e.m.c.i.embedder.EclipseLogger - skip non existing resourceDirectory /Users/Shalini/Desktop/SchlumbergerSpringWS/SpringDemo/src/main/resources
2023-09-29 14:40:05,664 [Worker-80: Building] INFO  o.e.m.c.i.embedder.EclipseLogger - Using 'UTF-8' encoding to copy filtered resources.
2023-09-29 14:40:05,665 [Worker-80: Building] INFO  o.e.m.c.i.embedder.EclipseLogger - skip non existing resourceDirectory /Users/Shalini/Desktop/SchlumbergerSpringWS/SpringDemo/src/test/resources
2023-09-29 14:40:08,657 [Worker-74: Building] INFO  o.e.m.c.i.p.WorkspaceClassifierResolverManager - Resolving P/PaymentProject: com.payment:PaymentProject:0.0.1-SNAPSHOT with classifier  to /PaymentProject/target/classes
2023-09-29 14:40:08,691 [Worker-74: Building] INFO  o.e.m.c.i.embedder.EclipseLogger - Using 'UTF-8' encoding to copy filtered resources.
2023-09-29 14:40:08,691 [Worker-74: Building] INFO  o.e.m.c.i.embedder.EclipseLogger - skip non existing resourceDirectory /Users/Shalini/Desktop/SchlumbergerSpringWS/SpringDemo/src/main/resources
2023-09-29 14:40:08,693 [Worker-74: Building] INFO  o.e.m.c.i.embedder.EclipseLogger - Using 'UTF-8' encoding to copy filtered resources.
2023-09-29 14:40:08,693 [Worker-74: Building] INFO  o.e.m.c.i.embedder.EclipseLogger - skip non existing resourceDirectory /Users/Shalini/Desktop/SchlumbergerSpringWS/SpringDemo/src/test/resources
2023-09-29 14:40:55,133 [Worker-79: Building] INFO  o.e.m.c.i.l.LifecycleMappingFactory - Using org.eclipse.m2e.jdt.JarLifecycleMapping lifecycle mapping for MavenProject: com.spring:SpringDemo:1.0-SNAPSHOT @ /Users/Shalini/Desktop/SchlumbergerSpringWS/SpringDemo/pom.xml.
2023-09-29 14:40:55,168 [Worker-79: Building] INFO  o.e.m.c.i.p.WorkspaceClassifierResolverManager - Resolving P/PaymentProject: com.payment:PaymentProject:0.0.1-SNAPSHOT with classifier  to /PaymentProject/target/classes
2023-09-29 14:40:55,322 [Worker-79: Building] INFO  o.e.m.c.i.embedder.EclipseLogger - Using 'UTF-8' encoding to copy filtered resources.
2023-09-29 14:40:55,322 [Worker-79: Building] INFO  o.e.m.c.i.embedder.EclipseLogger - skip non existing resourceDirectory /Users/Shalini/Desktop/SchlumbergerSpringWS/SpringDemo/src/main/resources
2023-09-29 14:40:55,327 [Worker-79: Building] INFO  o.e.m.c.i.embedder.EclipseLogger - Using 'UTF-8' encoding to copy filtered resources.
2023-09-29 14:40:55,328 [Worker-79: Building] INFO  o.e.m.c.i.embedder.EclipseLogger - skip non existing resourceDirectory /Users/Shalini/Desktop/SchlumbergerSpringWS/SpringDemo/src/test/resources
2023-09-29 14:41:09,542 [Worker-71: Building] INFO  o.e.m.c.i.l.LifecycleMappingFactory - Using org.eclipse.m2e.jdt.JarLifecycleMapping lifecycle mapping for MavenProject: com.spring:SpringDemo:0.0.1-SNAPSHOT @ /Users/Shalini/Desktop/SchlumbergerSpringWS/SpringDemo/pom.xml.
2023-09-29 14:41:09,590 [Worker-71: Building] INFO  o.e.m.c.i.embedder.EclipseLogger - Using 'UTF-8' encoding to copy filtered resources.
2023-09-29 14:41:09,590 [Worker-71: Building] INFO  o.e.m.c.i.embedder.EclipseLogger - skip non existing resourceDirectory /Users/Shalini/Desktop/SchlumbergerSpringWS/SpringDemo/src/main/resources
2023-09-29 14:41:09,591 [Worker-71: Building] INFO  o.e.m.c.i.embedder.EclipseLogger - Using 'UTF-8' encoding to copy filtered resources.
2023-09-29 14:41:09,591 [Worker-71: Building] INFO  o.e.m.c.i.embedder.EclipseLogger - skip non existing resourceDirectory /Users/Shalini/Desktop/SchlumbergerSpringWS/SpringDemo/src/test/resources
2023-09-29 14:41:11,347 [Worker-79: Building] INFO  o.e.m.c.i.embedder.EclipseLogger - Using 'UTF-8' encoding to copy filtered resources.
2023-09-29 14:41:11,347 [Worker-79: Building] INFO  o.e.m.c.i.embedder.EclipseLogger - skip non existing resourceDirectory /Users/Shalini/Desktop/SchlumbergerSpringWS/SpringDemo/src/main/resources
2023-09-29 14:41:11,349 [Worker-79: Building] INFO  o.e.m.c.i.embedder.EclipseLogger - Using 'UTF-8' encoding to copy filtered resources.
2023-09-29 14:41:11,349 [Worker-79: Building] INFO  o.e.m.c.i.embedder.EclipseLogger - skip non existing resourceDirectory /Users/Shalini/Desktop/SchlumbergerSpringWS/SpringDemo/src/test/resources
2023-09-29 14:41:17,219 [Worker-74: Building] INFO  o.e.m.c.i.l.LifecycleMappingFactory - Using org.eclipse.m2e.jdt.JarLifecycleMapping lifecycle mapping for MavenProject: com.spring:SpringDemo:0.0.1-SNAPSHOT @ /Users/Shalini/Desktop/SchlumbergerSpringWS/SpringDemo/pom.xml.
2023-09-29 14:41:17,242 [Worker-74: Building] INFO  o.e.m.c.i.p.WorkspaceClassifierResolverManager - Resolving P/PaymentProject: com.payment:PaymentProject:0.0.1-SNAPSHOT with classifier  to /PaymentProject/target/classes
2023-09-29 14:41:17,285 [Worker-74: Building] INFO  o.e.m.c.i.embedder.EclipseLogger - Using 'UTF-8' encoding to copy filtered resources.
2023-09-29 14:41:17,286 [Worker-74: Building] INFO  o.e.m.c.i.embedder.EclipseLogger - skip non existing resourceDirectory /Users/Shalini/Desktop/SchlumbergerSpringWS/SpringDemo/src/main/resources
2023-09-29 14:41:17,302 [Worker-74: Building] INFO  o.e.m.c.i.embedder.EclipseLogger - Using 'UTF-8' encoding to copy filtered resources.
2023-09-29 14:41:17,302 [Worker-74: Building] INFO  o.e.m.c.i.embedder.EclipseLogger - skip non existing resourceDirectory /Users/Shalini/Desktop/SchlumbergerSpringWS/SpringDemo/src/test/resources
2023-09-29 14:41:19,317 [Worker-78: Building] INFO  o.e.m.c.i.p.WorkspaceClassifierResolverManager - Resolving P/PaymentProject: com.payment:PaymentProject:0.0.1-SNAPSHOT with classifier  to /PaymentProject/target/classes
2023-09-29 14:41:19,351 [Worker-78: Building] INFO  o.e.m.c.i.embedder.EclipseLogger - Using 'UTF-8' encoding to copy filtered resources.
2023-09-29 14:41:19,352 [Worker-78: Building] INFO  o.e.m.c.i.embedder.EclipseLogger - skip non existing resourceDirectory /Users/Shalini/Desktop/SchlumbergerSpringWS/SpringDemo/src/main/resources
2023-09-29 14:41:19,354 [Worker-78: Building] INFO  o.e.m.c.i.embedder.EclipseLogger - Using 'UTF-8' encoding to copy filtered resources.
2023-09-29 14:41:19,354 [Worker-78: Building] INFO  o.e.m.c.i.embedder.EclipseLogger - skip non existing resourceDirectory /Users/Shalini/Desktop/SchlumbergerSpringWS/SpringDemo/src/test/resources
2023-09-29 14:42:13,660 [Worker-78: Launching Executing install in _Users_Shalini_Desktop_SchlumbergerSpringWS_PaymentProject] INFO  o.e.m.i.launch.MavenLaunchDelegate - /Users/Shalini/Desktop/SchlumbergerSpringWS/PaymentProject
2023-09-29 14:42:13,664 [Worker-78: Launching Executing install in _Users_Shalini_Desktop_SchlumbergerSpringWS_PaymentProject] INFO  o.e.m.i.launch.MavenLaunchDelegate -  mvn -B install
2023-09-29 14:42:48,593 [Worker-77: Building] INFO  o.e.m.c.i.l.LifecycleMappingFactory - Using org.eclipse.m2e.jdt.JarLifecycleMapping lifecycle mapping for MavenProject: com.spring:SpringDemo:0.0.1-SNAPSHOT @ /Users/Shalini/Desktop/SchlumbergerSpringWS/SpringDemo/pom.xml.
2023-09-29 14:42:48,636 [Worker-77: Building] INFO  o.e.m.c.i.p.WorkspaceClassifierResolverManager - Resolving P/PaymentProject: com.payment:PaymentProject:0.0.1-SNAPSHOT with classifier  to /PaymentProject/target/classes
2023-09-29 14:42:48,723 [Worker-77: Building] INFO  o.e.m.c.i.embedder.EclipseLogger - Using 'UTF-8' encoding to copy filtered resources.
2023-09-29 14:42:48,723 [Worker-77: Building] INFO  o.e.m.c.i.embedder.EclipseLogger - skip non existing resourceDirectory /Users/Shalini/Desktop/SchlumbergerSpringWS/SpringDemo/src/main/resources
2023-09-29 14:42:48,724 [Worker-77: Building] INFO  o.e.m.c.i.embedder.EclipseLogger - Using 'UTF-8' encoding to copy filtered resources.
2023-09-29 14:42:48,724 [Worker-77: Building] INFO  o.e.m.c.i.embedder.EclipseLogger - skip non existing resourceDirectory /Users/Shalini/Desktop/SchlumbergerSpringWS/SpringDemo/src/test/resources
2023-09-29 14:42:59,769 [Worker-78: reload maven project] INFO  o.e.m.c.i.p.WorkspaceClassifierResolverManager - Resolving P/PaymentProject: com.payment:PaymentProject:0.0.1-SNAPSHOT with classifier  to /PaymentProject/target/classes
2023-09-29 14:42:59,901 [Worker-80: Building] INFO  o.e.m.c.i.l.LifecycleMappingFactory - Using org.eclipse.m2e.jdt.JarLifecycleMapping lifecycle mapping for MavenProject: com.spring:SpringDemo:0.0.1-SNAPSHOT @ /Users/Shalini/Desktop/SchlumbergerSpringWS/SpringDemo/pom.xml.
2023-09-29 14:42:59,909 [Worker-80: Building] INFO  o.e.m.c.i.p.WorkspaceClassifierResolverManager - Resolving P/PaymentProject: com.payment:PaymentProject:0.0.1-SNAPSHOT with classifier  to /PaymentProject/target/classes
2023-09-29 14:42:59,949 [Worker-80: Building] INFO  o.e.m.c.i.embedder.EclipseLogger - Using 'UTF-8' encoding to copy filtered resources.
2023-09-29 14:42:59,950 [Worker-80: Building] INFO  o.e.m.c.i.embedder.EclipseLogger - skip non existing resourceDirectory /Users/Shalini/Desktop/SchlumbergerSpringWS/SpringDemo/src/main/resources
2023-09-29 14:42:59,954 [Worker-80: Building] INFO  o.e.m.c.i.embedder.EclipseLogger - Using 'UTF-8' encoding to copy filtered resources.
2023-09-29 14:42:59,954 [Worker-80: Building] INFO  o.e.m.c.i.embedder.EclipseLogger - skip non existing resourceDirectory /Users/Shalini/Desktop/SchlumbergerSpringWS/SpringDemo/src/test/resources
2023-09-29 14:43:09,326 [Worker-67: reload maven project] INFO  o.e.m.c.i.p.WorkspaceClassifierResolverManager - Resolving P/PaymentProject: com.payment:PaymentProject:0.0.1-SNAPSHOT with classifier  to /PaymentProject/target/classes
2023-09-29 14:43:10,367 [Worker-80: Building] INFO  o.e.m.c.i.l.LifecycleMappingFactory - Using org.eclipse.m2e.jdt.JarLifecycleMapping lifecycle mapping for MavenProject: com.spring:SpringDemo:0.0.1-SNAPSHOT @ /Users/Shalini/Desktop/SchlumbergerSpringWS/SpringDemo/pom.xml.
2023-09-29 14:43:10,388 [Worker-80: Building] INFO  o.e.m.c.i.p.WorkspaceClassifierResolverManager - Resolving P/PaymentProject: com.payment:PaymentProject:0.0.1-SNAPSHOT with classifier  to /PaymentProject/target/classes
2023-09-29 14:43:10,426 [Worker-80: Building] INFO  o.e.m.c.i.embedder.EclipseLogger - Using 'UTF-8' encoding to copy filtered resources.
2023-09-29 14:43:10,427 [Worker-80: Building] INFO  o.e.m.c.i.embedder.EclipseLogger - skip non existing resourceDirectory /Users/Shalini/Desktop/SchlumbergerSpringWS/SpringDemo/src/main/resources
2023-09-29 14:43:10,427 [Worker-80: Building] INFO  o.e.m.c.i.embedder.EclipseLogger - Using 'UTF-8' encoding to copy filtered resources.
2023-09-29 14:43:10,427 [Worker-80: Building] INFO  o.e.m.c.i.embedder.EclipseLogger - skip non existing resourceDirectory /Users/Shalini/Desktop/SchlumbergerSpringWS/SpringDemo/src/test/resources
2023-09-29 14:43:34,578 [Worker-79: Building] INFO  o.e.m.c.i.p.WorkspaceClassifierResolverManager - Resolving P/PaymentProject: com.payment:PaymentProject:0.0.1-SNAPSHOT with classifier  to /PaymentProject/target/classes
2023-09-29 14:43:34,620 [Worker-79: Building] INFO  o.e.m.c.i.embedder.EclipseLogger - Using 'UTF-8' encoding to copy filtered resources.
2023-09-29 14:43:34,620 [Worker-79: Building] INFO  o.e.m.c.i.embedder.EclipseLogger - skip non existing resourceDirectory /Users/Shalini/Desktop/SchlumbergerSpringWS/SpringDemo/src/main/resources
2023-09-29 14:43:34,621 [Worker-79: Building] INFO  o.e.m.c.i.embedder.EclipseLogger - Using 'UTF-8' encoding to copy filtered resources.
2023-09-29 14:43:34,621 [Worker-79: Building] INFO  o.e.m.c.i.embedder.EclipseLogger - skip non existing resourceDirectory /Users/Shalini/Desktop/SchlumbergerSpringWS/SpringDemo/src/test/resources
2023-09-29 14:43:55,638 [Worker-78: Building] INFO  o.e.m.c.i.embedder.EclipseLogger - Using 'UTF-8' encoding to copy filtered resources.
2023-09-29 14:43:55,664 [Worker-78: Building] INFO  o.e.m.c.i.embedder.EclipseLogger - skip non existing resourceDirectory /Users/Shalini/Desktop/SchlumbergerSpringWS/SpringDemo/src/main/resources
2023-09-29 14:43:55,675 [Worker-78: Building] INFO  o.e.m.c.i.embedder.EclipseLogger - Using 'UTF-8' encoding to copy filtered resources.
2023-09-29 14:43:55,676 [Worker-78: Building] INFO  o.e.m.c.i.embedder.EclipseLogger - skip non existing resourceDirectory /Users/Shalini/Desktop/SchlumbergerSpringWS/SpringDemo/src/test/resources
2023-09-29 14:44:05,471 [Worker-77: Launching App] INFO  o.e.m.c.i.p.WorkspaceClassifierResolverManager - Resolving P/PaymentProject: com.payment:PaymentProject:0.0.1-SNAPSHOT with classifier null to /PaymentProject/target/classes
2023-09-29 14:44:05,499 [Worker-77: Launching App] INFO  o.e.m.c.i.p.WorkspaceClassifierResolverManager - Resolving P/PaymentProject: com.payment:PaymentProject:0.0.1-SNAPSHOT with classifier null to /PaymentProject/target/classes
2023-09-29 14:44:05,507 [Worker-77: Launching App] INFO  o.e.m.c.i.p.WorkspaceClassifierResolverManager - Resolving P/PaymentProject: com.payment:PaymentProject:0.0.1-SNAPSHOT with classifier null to /PaymentProject/target/classes
2023-09-29 14:44:52,256 [Worker-71: Building] INFO  o.e.m.c.i.embedder.EclipseLogger - Using 'UTF-8' encoding to copy filtered resources.
2023-09-29 14:44:52,259 [Worker-71: Building] INFO  o.e.m.c.i.embedder.EclipseLogger - skip non existing resourceDirectory /Users/Shalini/Desktop/SchlumbergerSpringWS/SpringDemo/src/main/resources
2023-09-29 14:44:52,260 [Worker-71: Building] INFO  o.e.m.c.i.embedder.EclipseLogger - Using 'UTF-8' encoding to copy filtered resources.
2023-09-29 14:44:52,260 [Worker-71: Building] INFO  o.e.m.c.i.embedder.EclipseLogger - skip non existing resourceDirectory /Users/Shalini/Desktop/SchlumbergerSpringWS/SpringDemo/src/test/resources
2023-09-29 14:44:54,972 [Worker-71: Launching App] INFO  o.e.m.c.i.p.WorkspaceClassifierResolverManager - Resolving P/PaymentProject: com.payment:PaymentProject:0.0.1-SNAPSHOT with classifier null to /PaymentProject/target/classes
2023-09-29 14:44:54,986 [Worker-71: Launching App] INFO  o.e.m.c.i.p.WorkspaceClassifierResolverManager - Resolving P/PaymentProject: com.payment:PaymentProject:0.0.1-SNAPSHOT with classifier null to /PaymentProject/target/classes
2023-09-29 14:44:55,010 [Worker-71: Launching App] INFO  o.e.m.c.i.p.WorkspaceClassifierResolverManager - Resolving P/PaymentProject: com.payment:PaymentProject:0.0.1-SNAPSHOT with classifier null to /PaymentProject/target/classes
2023-09-29 14:45:42,151 [Worker-78: Building] INFO  o.e.m.c.i.embedder.EclipseLogger - Using 'UTF-8' encoding to copy filtered resources.
2023-09-29 14:45:42,171 [Worker-78: Building] INFO  o.e.m.c.i.embedder.EclipseLogger - skip non existing resourceDirectory /Users/Shalini/Desktop/SchlumbergerSpringWS/SpringDemo/src/main/resources
2023-09-29 14:45:42,197 [Worker-78: Building] INFO  o.e.m.c.i.embedder.EclipseLogger - Using 'UTF-8' encoding to copy filtered resources.
2023-09-29 14:45:42,198 [Worker-78: Building] INFO  o.e.m.c.i.embedder.EclipseLogger - skip non existing resourceDirectory /Users/Shalini/Desktop/SchlumbergerSpringWS/SpringDemo/src/test/resources
2023-09-29 14:46:00,001 [Worker-81: Building] INFO  o.e.m.c.i.embedder.EclipseLogger - Using 'UTF-8' encoding to copy filtered resources.
2023-09-29 14:46:00,002 [Worker-81: Building] INFO  o.e.m.c.i.embedder.EclipseLogger - skip non existing resourceDirectory /Users/Shalini/Desktop/SchlumbergerSpringWS/SpringDemo/src/main/resources
2023-09-29 14:46:00,004 [Worker-81: Building] INFO  o.e.m.c.i.embedder.EclipseLogger - Using 'UTF-8' encoding to copy filtered resources.
2023-09-29 14:46:00,005 [Worker-81: Building] INFO  o.e.m.c.i.embedder.EclipseLogger - skip non existing resourceDirectory /Users/Shalini/Desktop/SchlumbergerSpringWS/SpringDemo/src/test/resources
2023-09-29 14:46:02,398 [Worker-78: Launching App] INFO  o.e.m.c.i.p.WorkspaceClassifierResolverManager - Resolving P/PaymentProject: com.payment:PaymentProject:0.0.1-SNAPSHOT with classifier null to /PaymentProject/target/classes
2023-09-29 14:46:02,423 [Worker-78: Launching App] INFO  o.e.m.c.i.p.WorkspaceClassifierResolverManager - Resolving P/PaymentProject: com.payment:PaymentProject:0.0.1-SNAPSHOT with classifier null to /PaymentProject/target/classes
2023-09-29 14:46:02,445 [Worker-78: Launching App] INFO  o.e.m.c.i.p.WorkspaceClassifierResolverManager - Resolving P/PaymentProject: com.payment:PaymentProject:0.0.1-SNAPSHOT with classifier null to /PaymentProject/target/classes
2023-09-29 14:46:19,409 [Worker-70: Building] INFO  o.e.m.c.i.embedder.EclipseLogger - Using 'UTF-8' encoding to copy filtered resources.
2023-09-29 14:46:19,410 [Worker-70: Building] INFO  o.e.m.c.i.embedder.EclipseLogger - skip non existing resourceDirectory /Users/Shalini/Desktop/SchlumbergerSpringWS/SpringDemo/src/main/resources
2023-09-29 14:46:19,411 [Worker-70: Building] INFO  o.e.m.c.i.embedder.EclipseLogger - Using 'UTF-8' encoding to copy filtered resources.
2023-09-29 14:46:19,411 [Worker-70: Building] INFO  o.e.m.c.i.embedder.EclipseLogger - skip non existing resourceDirectory /Users/Shalini/Desktop/SchlumbergerSpringWS/SpringDemo/src/test/resources
